<?xml version="1.0" encoding="UTF-8"?>
<robot generator="Robot 7.2.2 (Python 3.10.11 on win32)" generated="2025-06-12T09:30:32.435282" rpa="false" schemaversion="5">
<suite id="s1" name="Pr Test" source="D:\Tutorial\robot-framework\tests\ui_tests\pr\pr_test.robot">
<test id="s1-t1" name="Create PR" line="9">
<kw name="Login To Application" owner="common_keywords" type="SETUP">
<kw name="Open Browser To Login Page" owner="login_keywords">
<kw name="Open Browser" owner="SeleniumLibrary">
<msg time="2025-06-12T09:30:32.898691" level="INFO">Opening browser 'Chrome' to base url 'https://std-cm.iconcm.com/newrelease/'.</msg>
<arg>${URL}</arg>
<arg>${BROWSER}</arg>
<doc>Opens a new browser instance to the optional ``url``.</doc>
<status status="PASS" start="2025-06-12T09:30:32.898691" elapsed="9.313658"/>
</kw>
<kw name="Maximize Browser Window" owner="SeleniumLibrary">
<doc>Maximizes current browser window.</doc>
<status status="PASS" start="2025-06-12T09:30:42.212349" elapsed="0.023550"/>
</kw>
<kw name="Page Should Contain" owner="SeleniumLibrary">
<msg time="2025-06-12T09:30:42.247647" level="INFO">Current page contains text 'https://std-cm.iconcm.com/newrelease/'.</msg>
<arg>${URL}</arg>
<doc>Verifies that current page contains ``text``.</doc>
<status status="PASS" start="2025-06-12T09:30:42.236956" elapsed="0.010691"/>
</kw>
<status status="PASS" start="2025-06-12T09:30:32.898691" elapsed="9.349979"/>
</kw>
<kw name="Input Login Credentials" owner="login_keywords">
<kw name="Input Text" owner="SeleniumLibrary">
<msg time="2025-06-12T09:30:42.250323" level="INFO">Typing text 'admin' into text field 'xpath=//*[@id="inputEmail"]'.</msg>
<arg>${EMAIL_FIELD}</arg>
<arg>${username}</arg>
<doc>Types the given ``text`` into the text field identified by ``locator``.</doc>
<status status="PASS" start="2025-06-12T09:30:42.249171" elapsed="0.055478"/>
</kw>
<kw name="Input Password" owner="SeleniumLibrary">
<msg time="2025-06-12T09:30:42.305394" level="INFO">Typing password into text field 'xpath=//input[@id='inputPassword']'.</msg>
<msg time="2025-06-12T09:30:42.326523" level="INFO">Temporally setting log level to: NONE</msg>
<arg>${PASSWORD_FIELD}</arg>
<arg>${password}</arg>
<doc>Types the given password into the text field identified by ``locator``.</doc>
<status status="PASS" start="2025-06-12T09:30:42.304771" elapsed="0.051671"/>
</kw>
<arg>${username}</arg>
<arg>${password}</arg>
<status status="PASS" start="2025-06-12T09:30:42.248670" elapsed="0.107772"/>
</kw>
<kw name="Click Login Button" owner="login_keywords">
<kw name="Click Element" owner="SeleniumLibrary">
<msg time="2025-06-12T09:30:42.357937" level="INFO">Clicking element 'xpath=//button[@id='login_id']'.</msg>
<arg>${LOGIN_BUTTON}</arg>
<doc>Click the element identified by ``locator``.</doc>
<status status="PASS" start="2025-06-12T09:30:42.357739" elapsed="0.051624"/>
</kw>
<status status="PASS" start="2025-06-12T09:30:42.356442" elapsed="0.052921"/>
</kw>
<status status="PASS" start="2025-06-12T09:30:32.897684" elapsed="9.511679"/>
</kw>
<kw name="Select Company" owner="common_keywords">
<kw name="Sleep" owner="BuiltIn">
<msg time="2025-06-12T09:30:44.423578" level="INFO">Slept 2 seconds.</msg>
<arg>2s</arg>
<doc>Pauses the test executed for the given time.</doc>
<status status="PASS" start="2025-06-12T09:30:42.412028" elapsed="2.011891"/>
</kw>
<kw name="Log" owner="BuiltIn">
<msg time="2025-06-12T09:30:44.424418" level="INFO">Searching for company: ICON - ICON Framework Co.,Ltd.</msg>
<arg>Searching for company: ${company_name}</arg>
<doc>Logs the given message with the given level.</doc>
<status status="PASS" start="2025-06-12T09:30:44.424418" elapsed="0.000000"/>
</kw>
<kw name="Set Variable" owner="BuiltIn">
<msg time="2025-06-12T09:30:44.425432" level="INFO">${xpath} = //div[@id='load_num_doc']//h6[contains(text(),'ICON - ICON Framework Co.,Ltd.')]/ancestor::div[contains(@class,'col-lg-3')]</msg>
<var>${xpath}</var>
<arg>//div[@id='load_num_doc']//h6[contains(text(),'${company_name}')]/ancestor::div[contains(@class,'col-lg-3')]</arg>
<doc>Returns the given values which can then be assigned to a variables.</doc>
<status status="PASS" start="2025-06-12T09:30:44.424418" elapsed="0.001014"/>
</kw>
<kw name="Set Variable" owner="BuiltIn">
<msg time="2025-06-12T09:30:44.425432" level="INFO">${xpath_alt} = //div[@id='load_num_doc']//h6[contains(.,'ICON - ICON Framework Co.,Ltd.')]/ancestor::div[contains(@class,'col-lg-3')]</msg>
<var>${xpath_alt}</var>
<arg>//div[@id='load_num_doc']//h6[contains(.,'${company_name}')]/ancestor::div[contains(@class,'col-lg-3')]</arg>
<doc>Returns the given values which can then be assigned to a variables.</doc>
<status status="PASS" start="2025-06-12T09:30:44.425432" elapsed="0.000000"/>
</kw>
<kw name="Get Element Count" owner="SeleniumLibrary">
<msg time="2025-06-12T09:30:56.557130" level="INFO">${element_count} = 1</msg>
<var>${element_count}</var>
<arg>${xpath}</arg>
<doc>Returns the number of elements matching ``locator``.</doc>
<status status="PASS" start="2025-06-12T09:30:44.426432" elapsed="12.130698"/>
</kw>
<kw name="Log" owner="BuiltIn">
<msg time="2025-06-12T09:30:56.557130" level="INFO">Found 1 elements with first XPath</msg>
<arg>Found ${element_count} elements with first XPath</arg>
<doc>Logs the given message with the given level.</doc>
<status status="PASS" start="2025-06-12T09:30:56.557130" elapsed="0.000000"/>
</kw>
<if>
<branch type="IF" condition="${element_count} == 0">
<kw name="Get Element Count" owner="SeleniumLibrary">
<var>${element_count}</var>
<arg>${xpath_alt}</arg>
<doc>Returns the number of elements matching ``locator``.</doc>
<status status="NOT RUN" start="2025-06-12T09:30:56.557130" elapsed="0.000000"/>
</kw>
<kw name="Log" owner="BuiltIn">
<arg>Found ${element_count} elements with alternative XPath</arg>
<doc>Logs the given message with the given level.</doc>
<status status="NOT RUN" start="2025-06-12T09:30:56.558132" elapsed="0.000000"/>
</kw>
<kw name="Set Variable" owner="BuiltIn">
<var>${xpath}</var>
<arg>${xpath_alt}</arg>
<doc>Returns the given values which can then be assigned to a variables.</doc>
<status status="NOT RUN" start="2025-06-12T09:30:56.558132" elapsed="0.000000"/>
</kw>
<status status="NOT RUN" start="2025-06-12T09:30:56.557130" elapsed="0.001002"/>
</branch>
<status status="PASS" start="2025-06-12T09:30:56.557130" elapsed="0.001002"/>
</if>
<if>
<branch type="IF" condition="${element_count} == 0">
<kw name="Split String" owner="String">
<var>${company_parts}</var>
<arg>${company_name}</arg>
<arg>-</arg>
<doc>Splits the ``string`` using ``separator`` as a delimiter string.</doc>
<status status="NOT RUN" start="2025-06-12T09:30:56.558132" elapsed="0.000000"/>
</kw>
<kw name="Set Variable" owner="BuiltIn">
<var>${first_part}</var>
<arg>${company_parts}[0]</arg>
<doc>Returns the given values which can then be assigned to a variables.</doc>
<status status="NOT RUN" start="2025-06-12T09:30:56.558132" elapsed="0.000000"/>
</kw>
<kw name="Set Variable" owner="BuiltIn">
<var>${xpath}</var>
<arg>//div[@id='load_num_doc']//h6[contains(.,'${first_part}')]/ancestor::div[contains(@class,'col-lg-3')]</arg>
<doc>Returns the given values which can then be assigned to a variables.</doc>
<status status="NOT RUN" start="2025-06-12T09:30:56.558132" elapsed="0.000000"/>
</kw>
<kw name="Get Element Count" owner="SeleniumLibrary">
<var>${element_count}</var>
<arg>${xpath}</arg>
<doc>Returns the number of elements matching ``locator``.</doc>
<status status="NOT RUN" start="2025-06-12T09:30:56.558132" elapsed="0.000000"/>
</kw>
<kw name="Log" owner="BuiltIn">
<arg>Found ${element_count} elements with first part of company name: ${first_part}</arg>
<doc>Logs the given message with the given level.</doc>
<status status="NOT RUN" start="2025-06-12T09:30:56.559133" elapsed="0.000000"/>
</kw>
<status status="NOT RUN" start="2025-06-12T09:30:56.558132" elapsed="0.001001"/>
</branch>
<status status="PASS" start="2025-06-12T09:30:56.558132" elapsed="0.001001"/>
</if>
<if>
<branch type="IF" condition="${element_count} &gt; 0">
<kw name="Log" owner="BuiltIn">
<msg time="2025-06-12T09:30:56.559133" level="INFO">Found company element, clicking on it</msg>
<arg>Found company element, clicking on it</arg>
<doc>Logs the given message with the given level.</doc>
<status status="PASS" start="2025-06-12T09:30:56.559133" elapsed="0.000000"/>
</kw>
<kw name="Click Element" owner="SeleniumLibrary">
<msg time="2025-06-12T09:30:56.559133" level="INFO">Clicking element '//div[@id='load_num_doc']//h6[contains(text(),'ICON - ICON Framework Co.,Ltd.')]/ancestor::div[contains(@class,'col-lg-3')]'.</msg>
<arg>${xpath}</arg>
<doc>Click the element identified by ``locator``.</doc>
<status status="PASS" start="2025-06-12T09:30:56.559133" elapsed="0.039589"/>
</kw>
<kw name="Sleep" owner="BuiltIn">
<msg time="2025-06-12T09:30:58.603178" level="INFO">Slept 2 seconds.</msg>
<arg>2s</arg>
<doc>Pauses the test executed for the given time.</doc>
<status status="PASS" start="2025-06-12T09:30:56.598722" elapsed="2.004456"/>
</kw>
<kw name="Set Variable" owner="BuiltIn">
<msg time="2025-06-12T09:30:58.603178" level="INFO">${login_icon} = //div[@id='load_num_doc']//h6[contains(text(),'ICON - ICON Framework Co.,Ltd.')]/ancestor::div[contains(@class,'col-lg-3')]//i[contains(@class,'glyphicon-log-in')]</msg>
<var>${login_icon}</var>
<arg>${xpath}//i[contains(@class,'glyphicon-log-in')]</arg>
<doc>Returns the given values which can then be assigned to a variables.</doc>
<status status="PASS" start="2025-06-12T09:30:58.603178" elapsed="0.000000"/>
</kw>
<kw name="Get Element Count" owner="SeleniumLibrary">
<msg time="2025-06-12T09:30:58.615743" level="INFO">${login_button_count} = 1</msg>
<var>${login_button_count}</var>
<arg>${login_icon}</arg>
<doc>Returns the number of elements matching ``locator``.</doc>
<status status="PASS" start="2025-06-12T09:30:58.604126" elapsed="0.011617"/>
</kw>
<if>
<branch type="IF" condition="${login_button_count} &gt; 0">
<kw name="Log" owner="BuiltIn">
<msg time="2025-06-12T09:30:58.616760" level="INFO">Found login icon, clicking on it</msg>
<arg>Found login icon, clicking on it</arg>
<doc>Logs the given message with the given level.</doc>
<status status="PASS" start="2025-06-12T09:30:58.615743" elapsed="0.001017"/>
</kw>
<kw name="Click Element" owner="SeleniumLibrary">
<msg time="2025-06-12T09:30:58.617757" level="INFO">Clicking element '//div[@id='load_num_doc']//h6[contains(text(),'ICON - ICON Framework Co.,Ltd.')]/ancestor::div[contains(@class,'col-lg-3')]//i[contains(@class,'glyphicon-log-in')]'.</msg>
<arg>${login_icon}</arg>
<doc>Click the element identified by ``locator``.</doc>
<status status="PASS" start="2025-06-12T09:30:58.616760" elapsed="0.446191"/>
</kw>
<kw name="Sleep" owner="BuiltIn">
<msg time="2025-06-12T09:31:01.064422" level="INFO">Slept 2 seconds.</msg>
<arg>2s</arg>
<doc>Pauses the test executed for the given time.</doc>
<status status="PASS" start="2025-06-12T09:30:59.063410" elapsed="2.001012"/>
</kw>
<status status="PASS" start="2025-06-12T09:30:58.615743" elapsed="2.448679"/>
</branch>
<branch type="ELSE">
<kw name="Log" owner="BuiltIn">
<arg>Login icon not found within the company element</arg>
<arg>WARN</arg>
<doc>Logs the given message with the given level.</doc>
<status status="NOT RUN" start="2025-06-12T09:31:01.065145" elapsed="0.000000"/>
</kw>
<status status="NOT RUN" start="2025-06-12T09:31:01.064422" elapsed="0.000723"/>
</branch>
<status status="PASS" start="2025-06-12T09:30:58.615743" elapsed="2.449402"/>
</if>
<status status="PASS" start="2025-06-12T09:30:56.559133" elapsed="4.506012"/>
</branch>
<branch type="ELSE">
<kw name="Log" owner="BuiltIn">
<arg>Company not found by name. Attempting to click on the second company as a fallback</arg>
<doc>Logs the given message with the given level.</doc>
<status status="NOT RUN" start="2025-06-12T09:31:01.065145" elapsed="0.000000"/>
</kw>
<kw name="Get Element Count" owner="SeleniumLibrary">
<var>${company_count}</var>
<arg>xpath://div[@id='load_num_doc']/div/div[contains(@class,'col-lg-3')]</arg>
<doc>Returns the number of elements matching ``locator``.</doc>
<status status="NOT RUN" start="2025-06-12T09:31:01.066039" elapsed="0.000000"/>
</kw>
<if>
<branch type="IF" condition="${company_count} &gt;= 2">
<kw name="Set Variable" owner="BuiltIn">
<var>${fallback_company}</var>
<arg>xpath://div[@id='load_num_doc']/div/div[contains(@class,'col-lg-3')][2]</arg>
<doc>Returns the given values which can then be assigned to a variables.</doc>
<status status="NOT RUN" start="2025-06-12T09:31:01.066039" elapsed="0.000000"/>
</kw>
<kw name="Click Element" owner="SeleniumLibrary">
<arg>${fallback_company}</arg>
<doc>Click the element identified by ``locator``.</doc>
<status status="NOT RUN" start="2025-06-12T09:31:01.066942" elapsed="0.000000"/>
</kw>
<kw name="Sleep" owner="BuiltIn">
<arg>2s</arg>
<doc>Pauses the test executed for the given time.</doc>
<status status="NOT RUN" start="2025-06-12T09:31:01.066942" elapsed="0.000000"/>
</kw>
<kw name="Log" owner="BuiltIn">
<arg>Clicked on the second company as a fallback</arg>
<doc>Logs the given message with the given level.</doc>
<status status="NOT RUN" start="2025-06-12T09:31:01.066942" elapsed="0.000000"/>
</kw>
<kw name="Set Variable" owner="BuiltIn">
<var>${login_icon}</var>
<arg>${fallback_company}//i[contains(@class,'glyphicon-log-in')]</arg>
<doc>Returns the given values which can then be assigned to a variables.</doc>
<status status="NOT RUN" start="2025-06-12T09:31:01.068039" elapsed="0.000000"/>
</kw>
<kw name="Get Element Count" owner="SeleniumLibrary">
<var>${login_button_count}</var>
<arg>${login_icon}</arg>
<doc>Returns the number of elements matching ``locator``.</doc>
<status status="NOT RUN" start="2025-06-12T09:31:01.068039" elapsed="0.000000"/>
</kw>
<if>
<branch type="IF" condition="${login_button_count} &gt; 0">
<kw name="Log" owner="BuiltIn">
<arg>Found login icon in fallback company, clicking on it</arg>
<doc>Logs the given message with the given level.</doc>
<status status="NOT RUN" start="2025-06-12T09:31:01.069045" elapsed="0.000000"/>
</kw>
<kw name="Click Element" owner="SeleniumLibrary">
<arg>${login_icon}</arg>
<doc>Click the element identified by ``locator``.</doc>
<status status="NOT RUN" start="2025-06-12T09:31:01.069045" elapsed="0.000000"/>
</kw>
<kw name="Sleep" owner="BuiltIn">
<arg>2s</arg>
<doc>Pauses the test executed for the given time.</doc>
<status status="NOT RUN" start="2025-06-12T09:31:01.069045" elapsed="0.000000"/>
</kw>
<status status="NOT RUN" start="2025-06-12T09:31:01.068039" elapsed="0.001990"/>
</branch>
<branch type="ELSE">
<kw name="Log" owner="BuiltIn">
<arg>Login icon not found within the fallback company element</arg>
<arg>WARN</arg>
<doc>Logs the given message with the given level.</doc>
<status status="NOT RUN" start="2025-06-12T09:31:01.070029" elapsed="0.000000"/>
</kw>
<status status="NOT RUN" start="2025-06-12T09:31:01.070029" elapsed="0.000000"/>
</branch>
<status status="NOT RUN" start="2025-06-12T09:31:01.068039" elapsed="0.001990"/>
</if>
<status status="NOT RUN" start="2025-06-12T09:31:01.066039" elapsed="0.003990"/>
</branch>
<branch type="ELSE">
<kw name="Log" owner="BuiltIn">
<arg>Company '${company_name}' not found and no fallback available</arg>
<arg>WARN</arg>
<doc>Logs the given message with the given level.</doc>
<status status="NOT RUN" start="2025-06-12T09:31:01.071022" elapsed="0.000000"/>
</kw>
<kw name="Fail" owner="BuiltIn">
<arg>Company '${company_name}' not found in the list</arg>
<doc>Fails the test with the given message and optionally alters its tags.</doc>
<status status="NOT RUN" start="2025-06-12T09:31:01.071022" elapsed="0.000000"/>
</kw>
<status status="NOT RUN" start="2025-06-12T09:31:01.070029" elapsed="0.000993"/>
</branch>
<status status="NOT RUN" start="2025-06-12T09:31:01.066039" elapsed="0.004983"/>
</if>
<status status="NOT RUN" start="2025-06-12T09:31:01.065145" elapsed="0.005877"/>
</branch>
<status status="PASS" start="2025-06-12T09:30:56.559133" elapsed="4.512895"/>
</if>
<arg>ICON - ICON Framework Co.,Ltd.</arg>
<status status="PASS" start="2025-06-12T09:30:42.411030" elapsed="18.660998"/>
</kw>
<kw name="Select Menu" owner="common_keywords">
<kw name="Sleep" owner="BuiltIn">
<msg time="2025-06-12T09:31:03.078003" level="INFO">Slept 2 seconds.</msg>
<arg>2s</arg>
<doc>Pauses the test executed for the given time.</doc>
<status status="PASS" start="2025-06-12T09:31:01.074037" elapsed="2.004435"/>
</kw>
<kw name="Log" owner="BuiltIn">
<msg time="2025-06-12T09:31:03.080471" level="INFO">Searching for menu: ระบบจัดการในสำนักงาน</msg>
<arg>Searching for menu: ${menu_name}</arg>
<doc>Logs the given message with the given level.</doc>
<status status="PASS" start="2025-06-12T09:31:03.078827" elapsed="0.002643"/>
</kw>
<kw name="Set Variable" owner="BuiltIn">
<msg time="2025-06-12T09:31:03.082547" level="INFO">${menu_xpath} = //div[contains(@class,'panel-flat')]//h6[contains(@class,'panel-title') and contains(text(),'ระบบจัดการในสำนักงาน')]/ancestor::a</msg>
<var>${menu_xpath}</var>
<arg>//div[contains(@class,'panel-flat')]//h6[contains(@class,'panel-title') and contains(text(),'${menu_name}')]/ancestor::a</arg>
<doc>Returns the given values which can then be assigned to a variables.</doc>
<status status="PASS" start="2025-06-12T09:31:03.081470" elapsed="0.001077"/>
</kw>
<kw name="Get Element Count" owner="SeleniumLibrary">
<msg time="2025-06-12T09:31:03.099103" level="INFO">${menu_count} = 1</msg>
<var>${menu_count}</var>
<arg>${menu_xpath}</arg>
<doc>Returns the number of elements matching ``locator``.</doc>
<status status="PASS" start="2025-06-12T09:31:03.082547" elapsed="0.016556"/>
</kw>
<if>
<branch type="IF" condition="${menu_count} == 0">
<kw name="Set Variable" owner="BuiltIn">
<var>${menu_xpath}</var>
<arg>//div[contains(@class,'panel-flat')]//h6[contains(@class,'panel-title') and contains(.,'${menu_name}')]/ancestor::a</arg>
<doc>Returns the given values which can then be assigned to a variables.</doc>
<status status="NOT RUN" start="2025-06-12T09:31:03.100092" elapsed="0.000000"/>
</kw>
<kw name="Get Element Count" owner="SeleniumLibrary">
<var>${menu_count}</var>
<arg>${menu_xpath}</arg>
<doc>Returns the number of elements matching ``locator``.</doc>
<status status="NOT RUN" start="2025-06-12T09:31:03.101089" elapsed="0.000000"/>
</kw>
<status status="NOT RUN" start="2025-06-12T09:31:03.100092" elapsed="0.000997"/>
</branch>
<status status="PASS" start="2025-06-12T09:31:03.099103" elapsed="0.001986"/>
</if>
<if>
<branch type="IF" condition="${menu_count} &gt; 0">
<kw name="Log" owner="BuiltIn">
<msg time="2025-06-12T09:31:03.102202" level="INFO">Found menu: ระบบจัดการในสำนักงาน, clicking on it</msg>
<arg>Found menu: ${menu_name}, clicking on it</arg>
<doc>Logs the given message with the given level.</doc>
<status status="PASS" start="2025-06-12T09:31:03.101089" elapsed="0.001113"/>
</kw>
<kw name="Click Element" owner="SeleniumLibrary">
<msg time="2025-06-12T09:31:03.102803" level="INFO">Clicking element '//div[contains(@class,'panel-flat')]//h6[contains(@class,'panel-title') and contains(text(),'ระบบจัดการในสำนักงาน')]/ancestor::a'.</msg>
<arg>${menu_xpath}</arg>
<doc>Click the element identified by ``locator``.</doc>
<status status="PASS" start="2025-06-12T09:31:03.102803" elapsed="0.404566"/>
</kw>
<kw name="Sleep" owner="BuiltIn">
<msg time="2025-06-12T09:31:05.513031" level="INFO">Slept 2 seconds.</msg>
<arg>2s</arg>
<doc>Pauses the test executed for the given time.</doc>
<status status="PASS" start="2025-06-12T09:31:03.507369" elapsed="2.005662"/>
</kw>
<status status="PASS" start="2025-06-12T09:31:03.101089" elapsed="2.411942"/>
</branch>
<branch type="ELSE">
<kw name="Get WebElements" owner="SeleniumLibrary">
<var>@{menu_elements}</var>
<arg>//div[contains(@class,'panel-flat')]//h6[contains(@class,'panel-title')]</arg>
<doc>Returns a list of WebElement objects matching the ``locator``.</doc>
<status status="NOT RUN" start="2025-06-12T09:31:05.513956" elapsed="0.000000"/>
</kw>
<kw name="Set Variable" owner="BuiltIn">
<var>${found}</var>
<arg>${FALSE}</arg>
<doc>Returns the given values which can then be assigned to a variables.</doc>
<status status="NOT RUN" start="2025-06-12T09:31:05.514536" elapsed="0.000000"/>
</kw>
<for flavor="IN">
<iter>
<kw name="Get Text" owner="SeleniumLibrary">
<var>${menu_text}</var>
<arg>${element}</arg>
<doc>Returns the text value of the element identified by ``locator``.</doc>
<status status="NOT RUN" start="2025-06-12T09:31:05.515062" elapsed="0.000000"/>
</kw>
<kw name="Log" owner="BuiltIn">
<arg>Found menu item: ${menu_text}</arg>
<doc>Logs the given message with the given level.</doc>
<status status="NOT RUN" start="2025-06-12T09:31:05.516131" elapsed="0.000000"/>
</kw>
<kw name="Run Keyword And Return Status" owner="BuiltIn">
<var>${contains}</var>
<arg>Should Contain</arg>
<arg>${menu_text}</arg>
<arg>${menu_name}</arg>
<doc>Runs the given keyword with given arguments and returns the status as a Boolean value.</doc>
<status status="NOT RUN" start="2025-06-12T09:31:05.516131" elapsed="0.000000"/>
</kw>
<kw name="Run Keyword And Return Status" owner="BuiltIn">
<var>${contains_reverse}</var>
<arg>Should Contain</arg>
<arg>${menu_name}</arg>
<arg>${menu_text}</arg>
<doc>Runs the given keyword with given arguments and returns the status as a Boolean value.</doc>
<status status="NOT RUN" start="2025-06-12T09:31:05.516131" elapsed="0.001004"/>
</kw>
<if>
<branch type="IF" condition="${contains} or ${contains_reverse}">
<kw name="Log" owner="BuiltIn">
<arg>Found matching menu: ${menu_name} in ${menu_text}</arg>
<doc>Logs the given message with the given level.</doc>
<status status="NOT RUN" start="2025-06-12T09:31:05.517135" elapsed="0.000000"/>
</kw>
<kw name="Click Element" owner="SeleniumLibrary">
<arg>${element}/ancestor::a</arg>
<doc>Click the element identified by ``locator``.</doc>
<status status="NOT RUN" start="2025-06-12T09:31:05.517135" elapsed="0.001000"/>
</kw>
<kw name="Sleep" owner="BuiltIn">
<arg>2s</arg>
<doc>Pauses the test executed for the given time.</doc>
<status status="NOT RUN" start="2025-06-12T09:31:05.518135" elapsed="0.000000"/>
</kw>
<kw name="Set Variable" owner="BuiltIn">
<var>${found}</var>
<arg>${TRUE}</arg>
<doc>Returns the given values which can then be assigned to a variables.</doc>
<status status="NOT RUN" start="2025-06-12T09:31:05.518135" elapsed="0.000000"/>
</kw>
<break>
<status status="NOT RUN" start="2025-06-12T09:31:05.518135" elapsed="0.000000"/>
</break>
<status status="NOT RUN" start="2025-06-12T09:31:05.517135" elapsed="0.002019"/>
</branch>
<status status="NOT RUN" start="2025-06-12T09:31:05.517135" elapsed="0.002019"/>
</if>
<var name="${element}"/>
<status status="NOT RUN" start="2025-06-12T09:31:05.515062" elapsed="0.004092"/>
</iter>
<var>${element}</var>
<value>@{menu_elements}</value>
<status status="NOT RUN" start="2025-06-12T09:31:05.514536" elapsed="0.004618"/>
</for>
<if>
<branch type="IF" condition="${found} == ${FALSE}">
<kw name="Log" owner="BuiltIn">
<arg>Menu '${menu_name}' not found</arg>
<arg>WARN</arg>
<doc>Logs the given message with the given level.</doc>
<status status="NOT RUN" start="2025-06-12T09:31:05.519860" elapsed="0.000000"/>
</kw>
<kw name="Fail" owner="BuiltIn">
<arg>Menu '${menu_name}' not found in the list</arg>
<doc>Fails the test with the given message and optionally alters its tags.</doc>
<status status="NOT RUN" start="2025-06-12T09:31:05.519860" elapsed="0.000000"/>
</kw>
<status status="NOT RUN" start="2025-06-12T09:31:05.519154" elapsed="0.000706"/>
</branch>
<status status="NOT RUN" start="2025-06-12T09:31:05.519154" elapsed="0.000706"/>
</if>
<status status="NOT RUN" start="2025-06-12T09:31:05.513031" elapsed="0.006829"/>
</branch>
<status status="PASS" start="2025-06-12T09:31:03.101089" elapsed="2.419744"/>
</if>
<arg>${PR_MENU}</arg>
<status status="PASS" start="2025-06-12T09:31:01.073027" elapsed="4.447806"/>
</kw>
<kw name="Click Element" owner="SeleniumLibrary">
<msg time="2025-06-12T09:31:05.521762" level="INFO">Clicking element 'id=d_1'.</msg>
<arg>${PR_LIST_MENU}</arg>
<doc>Click the element identified by ``locator``.</doc>
<status status="PASS" start="2025-06-12T09:31:05.521762" elapsed="2.277692"/>
</kw>
<kw name="Wait Until Element Is Visible" owner="SeleniumLibrary">
<arg>${PR_TYPE_DOCUMENT}</arg>
<doc>Waits until the element ``locator`` is visible.</doc>
<status status="PASS" start="2025-06-12T09:31:07.799957" elapsed="0.067624"/>
</kw>
<kw name="Select From List By Value" owner="SeleniumLibrary">
<msg time="2025-06-12T09:31:07.867581" level="INFO">Selecting options from selection list '//select[@id='pr_type']' by value 7.</msg>
<arg>${PR_TYPE_DOCUMENT}</arg>
<arg>7</arg>
<doc>Selects options from selection list ``locator`` by ``values``.</doc>
<status status="PASS" start="2025-06-12T09:31:07.867581" elapsed="0.080669"/>
</kw>
<kw name="Check Vendor Selection Modal Is Displayed" owner="pr_keywords">
<kw name="Wait Until Element Is Visible" owner="SeleniumLibrary">
<arg>${VENDOR_MODAL}</arg>
<arg>timeout=10s</arg>
<doc>Waits until the element ``locator`` is visible.</doc>
<status status="PASS" start="2025-06-12T09:31:07.949249" elapsed="0.020820"/>
</kw>
<kw name="Element Should Be Visible" owner="SeleniumLibrary">
<msg time="2025-06-12T09:31:07.992721" level="INFO">Element '//div[@id='openvender']//h5[contains(@class,'modal-title') and text()='Select Vender']' is displayed.</msg>
<arg>${VENDOR_MODAL_TITLE}</arg>
<doc>Verifies that the element identified by ``locator`` is visible.</doc>
<status status="PASS" start="2025-06-12T09:31:07.970569" elapsed="0.022624"/>
</kw>
<kw name="Log" owner="BuiltIn">
<msg time="2025-06-12T09:31:07.993434" level="INFO">Vendor selection modal is displayed</msg>
<arg>Vendor selection modal is displayed</arg>
<doc>Logs the given message with the given level.</doc>
<status status="PASS" start="2025-06-12T09:31:07.993434" elapsed="0.000000"/>
</kw>
<doc>Checks if the vendor selection modal is displayed</doc>
<status status="PASS" start="2025-06-12T09:31:07.949249" elapsed="0.044185"/>
</kw>
<kw name="Select Vendor" owner="pr_keywords">
<kw name="Check Vendor Selection Modal Is Displayed" owner="pr_keywords">
<kw name="Wait Until Element Is Visible" owner="SeleniumLibrary">
<arg>${VENDOR_MODAL}</arg>
<arg>timeout=10s</arg>
<doc>Waits until the element ``locator`` is visible.</doc>
<status status="PASS" start="2025-06-12T09:31:07.995901" elapsed="0.015583"/>
</kw>
<kw name="Element Should Be Visible" owner="SeleniumLibrary">
<msg time="2025-06-12T09:31:08.023674" level="INFO">Element '//div[@id='openvender']//h5[contains(@class,'modal-title') and text()='Select Vender']' is displayed.</msg>
<arg>${VENDOR_MODAL_TITLE}</arg>
<doc>Verifies that the element identified by ``locator`` is visible.</doc>
<status status="PASS" start="2025-06-12T09:31:08.012593" elapsed="0.011081"/>
</kw>
<kw name="Log" owner="BuiltIn">
<msg time="2025-06-12T09:31:08.024538" level="INFO">Vendor selection modal is displayed</msg>
<arg>Vendor selection modal is displayed</arg>
<doc>Logs the given message with the given level.</doc>
<status status="PASS" start="2025-06-12T09:31:08.023674" elapsed="0.000864"/>
</kw>
<doc>Checks if the vendor selection modal is displayed</doc>
<status status="PASS" start="2025-06-12T09:31:07.994879" elapsed="0.029659"/>
</kw>
<kw name="Set Variable If" owner="BuiltIn">
<msg time="2025-06-12T09:31:08.025540" level="INFO">${column_index} = 2</msg>
<var>${column_index}</var>
<arg>'${column_name}' == 'No.'</arg>
<arg>1</arg>
<arg>'${column_name}' == 'BP Code'</arg>
<arg>2</arg>
<arg>'${column_name}' == 'BP Name'</arg>
<arg>3</arg>
<arg>'${column_name}' == 'BP Tax ID'</arg>
<arg>4</arg>
<arg>'${column_name}' == 'BP Group'</arg>
<arg>5</arg>
<arg>0</arg>
<doc>Sets variable based on the given condition.</doc>
<status status="PASS" start="2025-06-12T09:31:08.025041" elapsed="0.000499"/>
</kw>
<kw name="Run Keyword If" owner="BuiltIn">
<arg>${column_index} == 0</arg>
<arg>Fail</arg>
<arg>Invalid column name: ${column_name}</arg>
<doc>Runs the given keyword with the given arguments, if ``condition`` is true.</doc>
<status status="PASS" start="2025-06-12T09:31:08.026040" elapsed="0.000000"/>
</kw>
<kw name="Set Variable" owner="BuiltIn">
<msg time="2025-06-12T09:31:08.026766" level="INFO">${found} = False</msg>
<var>${found}</var>
<arg>${FALSE}</arg>
<doc>Returns the given values which can then be assigned to a variables.</doc>
<status status="PASS" start="2025-06-12T09:31:08.026463" elapsed="0.000303"/>
</kw>
<kw name="Set Variable" owner="BuiltIn">
<msg time="2025-06-12T09:31:08.026962" level="INFO">${max_pages} = 10</msg>
<var>${max_pages}</var>
<arg>10</arg>
<doc>Returns the given values which can then be assigned to a variables.</doc>
<status status="PASS" start="2025-06-12T09:31:08.026962" elapsed="0.000000"/>
</kw>
<kw name="Set Variable" owner="BuiltIn">
<msg time="2025-06-12T09:31:08.027463" level="INFO">${current_page} = 1</msg>
<var>${current_page}</var>
<arg>1</arg>
<doc>Returns the given values which can then be assigned to a variables.</doc>
<status status="PASS" start="2025-06-12T09:31:08.027463" elapsed="0.000000"/>
</kw>
<kw name="Log" owner="BuiltIn">
<msg time="2025-06-12T09:31:08.027962" level="INFO">Searching for vendor with BP Code = M-V1</msg>
<arg>Searching for vendor with ${column_name} = ${column_value}</arg>
<doc>Logs the given message with the given level.</doc>
<status status="PASS" start="2025-06-12T09:31:08.027962" elapsed="0.000000"/>
</kw>
<while condition="not ${found} and ${current_page} &lt;= ${max_pages}">
<iter>
<kw name="Log" owner="BuiltIn">
<msg time="2025-06-12T09:31:08.029470" level="INFO">Searching for vendor on page 1</msg>
<arg>Searching for vendor on page ${current_page}</arg>
<doc>Logs the given message with the given level.</doc>
<status status="PASS" start="2025-06-12T09:31:08.029470" elapsed="0.000000"/>
</kw>
<kw name="Wait Until Element Is Visible" owner="SeleniumLibrary">
<arg>xpath://table[@id='DataTables_Table_0']</arg>
<arg>timeout=10s</arg>
<doc>Waits until the element ``locator`` is visible.</doc>
<status status="PASS" start="2025-06-12T09:31:08.029470" elapsed="1.909931"/>
</kw>
<kw name="Get WebElements" owner="SeleniumLibrary">
<msg time="2025-06-12T09:31:09.948537" level="INFO">@{rows} = [ &lt;selenium.webdriver.remote.webelement.WebElement (session="ed201b028f8ee4a569209149173d112f", element="f.55E0B65D6609C63694ED2BF8918D2C94.d.A8926D603111BA5C0984695683FAD0A7.e.531")&gt; | &lt;selenium.webd...</msg>
<var>@{rows}</var>
<arg>xpath://table[@id='DataTables_Table_0']/tbody/tr</arg>
<doc>Returns a list of WebElement objects matching the ``locator``.</doc>
<status status="PASS" start="2025-06-12T09:31:09.939401" elapsed="0.009136"/>
</kw>
<kw name="Get Length" owner="BuiltIn">
<msg time="2025-06-12T09:31:09.949530" level="INFO">Length is 10.</msg>
<msg time="2025-06-12T09:31:09.949530" level="INFO">${row_count} = 10</msg>
<var>${row_count}</var>
<arg>${rows}</arg>
<doc>Returns and logs the length of the given item as an integer.</doc>
<status status="PASS" start="2025-06-12T09:31:09.949530" elapsed="0.000000"/>
</kw>
<kw name="Log" owner="BuiltIn">
<msg time="2025-06-12T09:31:09.949530" level="INFO">Found 10 rows on page 1</msg>
<arg>Found ${row_count} rows on page ${current_page}</arg>
<doc>Logs the given message with the given level.</doc>
<status status="PASS" start="2025-06-12T09:31:09.949530" elapsed="0.000000"/>
</kw>
<kw name="Run Keyword If" owner="BuiltIn">
<arg>${row_count} == 0</arg>
<arg>Exit For Loop</arg>
<doc>Runs the given keyword with the given arguments, if ``condition`` is true.</doc>
<status status="PASS" start="2025-06-12T09:31:09.949530" elapsed="0.000000"/>
</kw>
<for flavor="IN RANGE">
<iter>
<kw name="Set Variable" owner="BuiltIn">
<msg time="2025-06-12T09:31:09.950531" level="INFO">${cell_xpath} = xpath://table[@id='DataTables_Table_0']/tbody/tr[1]/td[2]</msg>
<var>${cell_xpath}</var>
<arg>xpath://table[@id='DataTables_Table_0']/tbody/tr[${row_index}]/td[${column_index}]</arg>
<doc>Returns the given values which can then be assigned to a variables.</doc>
<status status="PASS" start="2025-06-12T09:31:09.950531" elapsed="0.000000"/>
</kw>
<kw name="Wait Until Element Is Visible" owner="SeleniumLibrary">
<arg>${cell_xpath}</arg>
<arg>timeout=5s</arg>
<doc>Waits until the element ``locator`` is visible.</doc>
<status status="PASS" start="2025-06-12T09:31:09.950531" elapsed="0.015729"/>
</kw>
<kw name="Get Text" owner="SeleniumLibrary">
<msg time="2025-06-12T09:31:09.980272" level="INFO">${cell_text} = 0001</msg>
<var>${cell_text}</var>
<arg>${cell_xpath}</arg>
<doc>Returns the text value of the element identified by ``locator``.</doc>
<status status="PASS" start="2025-06-12T09:31:09.966260" elapsed="0.014012"/>
</kw>
<kw name="Log" owner="BuiltIn">
<msg time="2025-06-12T09:31:09.981273" level="INFO">Row 1, BP Code: 0001</msg>
<arg>Row ${row_index}, ${column_name}: ${cell_text}</arg>
<doc>Logs the given message with the given level.</doc>
<status status="PASS" start="2025-06-12T09:31:09.980272" elapsed="0.001001"/>
</kw>
<kw name="Convert To Lower Case" owner="String">
<msg time="2025-06-12T09:31:09.981273" level="INFO">${cell_text_lower} = 0001</msg>
<var>${cell_text_lower}</var>
<arg>${cell_text}</arg>
<doc>Converts string to lower case.</doc>
<status status="PASS" start="2025-06-12T09:31:09.981273" elapsed="0.000000"/>
</kw>
<kw name="Convert To Lower Case" owner="String">
<msg time="2025-06-12T09:31:09.981273" level="INFO">${column_value_lower} = m-v1</msg>
<var>${column_value_lower}</var>
<arg>${column_value}</arg>
<doc>Converts string to lower case.</doc>
<status status="PASS" start="2025-06-12T09:31:09.981273" elapsed="0.000000"/>
</kw>
<kw name="Run Keyword And Return Status" owner="BuiltIn">
<kw name="Should Contain" owner="BuiltIn">
<msg time="2025-06-12T09:31:09.982273" level="FAIL">'0001' does not contain 'm-v1'</msg>
<arg>${cell_text_lower}</arg>
<arg>${column_value_lower}</arg>
<doc>Fails if ``container`` does not contain ``item`` one or more times.</doc>
<status status="FAIL" start="2025-06-12T09:31:09.982273" elapsed="0.000000">'0001' does not contain 'm-v1'</status>
</kw>
<msg time="2025-06-12T09:31:09.982273" level="INFO">${is_match} = False</msg>
<var>${is_match}</var>
<arg>Should Contain</arg>
<arg>${cell_text_lower}</arg>
<arg>${column_value_lower}</arg>
<doc>Runs the given keyword with given arguments and returns the status as a Boolean value.</doc>
<status status="PASS" start="2025-06-12T09:31:09.982273" elapsed="0.000000"/>
</kw>
<if>
<branch type="IF" condition="${is_match}">
<kw name="Log" owner="BuiltIn">
<arg>Found vendor with ${column_name} = ${column_value} at row ${row_index}</arg>
<doc>Logs the given message with the given level.</doc>
<status status="NOT RUN" start="2025-06-12T09:31:09.982273" elapsed="0.000000"/>
</kw>
<kw name="Set Variable" owner="BuiltIn">
<var>${select_button_xpath}</var>
<arg>xpath://table[@id='DataTables_Table_0']/tbody/tr[${row_index}]//button[contains(@class,'select_bp_detail')]</arg>
<doc>Returns the given values which can then be assigned to a variables.</doc>
<status status="NOT RUN" start="2025-06-12T09:31:09.982273" elapsed="0.000000"/>
</kw>
<kw name="Wait Until Element Is Visible" owner="SeleniumLibrary">
<arg>${select_button_xpath}</arg>
<arg>timeout=5s</arg>
<doc>Waits until the element ``locator`` is visible.</doc>
<status status="NOT RUN" start="2025-06-12T09:31:09.983272" elapsed="0.000000"/>
</kw>
<kw name="Click Element" owner="SeleniumLibrary">
<arg>${select_button_xpath}</arg>
<doc>Click the element identified by ``locator``.</doc>
<status status="NOT RUN" start="2025-06-12T09:31:09.983272" elapsed="0.000000"/>
</kw>
<kw name="Sleep" owner="BuiltIn">
<arg>2s</arg>
<doc>Pauses the test executed for the given time.</doc>
<status status="NOT RUN" start="2025-06-12T09:31:09.983272" elapsed="0.000000"/>
</kw>
<kw name="Set Variable" owner="BuiltIn">
<var>${found}</var>
<arg>${TRUE}</arg>
<doc>Returns the given values which can then be assigned to a variables.</doc>
<status status="NOT RUN" start="2025-06-12T09:31:09.983272" elapsed="0.000000"/>
</kw>
<break>
<status status="NOT RUN" start="2025-06-12T09:31:09.983272" elapsed="0.000000"/>
</break>
<status status="NOT RUN" start="2025-06-12T09:31:09.982273" elapsed="0.000999"/>
</branch>
<status status="PASS" start="2025-06-12T09:31:09.982273" elapsed="0.000999"/>
</if>
<var name="${row_index}">1</var>
<status status="PASS" start="2025-06-12T09:31:09.950531" elapsed="0.032741"/>
</iter>
<iter>
<kw name="Set Variable" owner="BuiltIn">
<msg time="2025-06-12T09:31:09.984273" level="INFO">${cell_xpath} = xpath://table[@id='DataTables_Table_0']/tbody/tr[2]/td[2]</msg>
<var>${cell_xpath}</var>
<arg>xpath://table[@id='DataTables_Table_0']/tbody/tr[${row_index}]/td[${column_index}]</arg>
<doc>Returns the given values which can then be assigned to a variables.</doc>
<status status="PASS" start="2025-06-12T09:31:09.983272" elapsed="0.001001"/>
</kw>
<kw name="Wait Until Element Is Visible" owner="SeleniumLibrary">
<arg>${cell_xpath}</arg>
<arg>timeout=5s</arg>
<doc>Waits until the element ``locator`` is visible.</doc>
<status status="PASS" start="2025-06-12T09:31:09.984273" elapsed="0.010999"/>
</kw>
<kw name="Get Text" owner="SeleniumLibrary">
<msg time="2025-06-12T09:31:10.005319" level="INFO">${cell_text} = asdasd</msg>
<var>${cell_text}</var>
<arg>${cell_xpath}</arg>
<doc>Returns the text value of the element identified by ``locator``.</doc>
<status status="PASS" start="2025-06-12T09:31:09.995272" elapsed="0.010047"/>
</kw>
<kw name="Log" owner="BuiltIn">
<msg time="2025-06-12T09:31:10.005319" level="INFO">Row 2, BP Code: asdasd</msg>
<arg>Row ${row_index}, ${column_name}: ${cell_text}</arg>
<doc>Logs the given message with the given level.</doc>
<status status="PASS" start="2025-06-12T09:31:10.005319" elapsed="0.000000"/>
</kw>
<kw name="Convert To Lower Case" owner="String">
<msg time="2025-06-12T09:31:10.006320" level="INFO">${cell_text_lower} = asdasd</msg>
<var>${cell_text_lower}</var>
<arg>${cell_text}</arg>
<doc>Converts string to lower case.</doc>
<status status="PASS" start="2025-06-12T09:31:10.006320" elapsed="0.000000"/>
</kw>
<kw name="Convert To Lower Case" owner="String">
<msg time="2025-06-12T09:31:10.006320" level="INFO">${column_value_lower} = m-v1</msg>
<var>${column_value_lower}</var>
<arg>${column_value}</arg>
<doc>Converts string to lower case.</doc>
<status status="PASS" start="2025-06-12T09:31:10.006320" elapsed="0.000000"/>
</kw>
<kw name="Run Keyword And Return Status" owner="BuiltIn">
<kw name="Should Contain" owner="BuiltIn">
<msg time="2025-06-12T09:31:10.007318" level="FAIL">'asdasd' does not contain 'm-v1'</msg>
<arg>${cell_text_lower}</arg>
<arg>${column_value_lower}</arg>
<doc>Fails if ``container`` does not contain ``item`` one or more times.</doc>
<status status="FAIL" start="2025-06-12T09:31:10.006320" elapsed="0.000998">'asdasd' does not contain 'm-v1'</status>
</kw>
<msg time="2025-06-12T09:31:10.007318" level="INFO">${is_match} = False</msg>
<var>${is_match}</var>
<arg>Should Contain</arg>
<arg>${cell_text_lower}</arg>
<arg>${column_value_lower}</arg>
<doc>Runs the given keyword with given arguments and returns the status as a Boolean value.</doc>
<status status="PASS" start="2025-06-12T09:31:10.006320" elapsed="0.000998"/>
</kw>
<if>
<branch type="IF" condition="${is_match}">
<kw name="Log" owner="BuiltIn">
<arg>Found vendor with ${column_name} = ${column_value} at row ${row_index}</arg>
<doc>Logs the given message with the given level.</doc>
<status status="NOT RUN" start="2025-06-12T09:31:10.007318" elapsed="0.000000"/>
</kw>
<kw name="Set Variable" owner="BuiltIn">
<var>${select_button_xpath}</var>
<arg>xpath://table[@id='DataTables_Table_0']/tbody/tr[${row_index}]//button[contains(@class,'select_bp_detail')]</arg>
<doc>Returns the given values which can then be assigned to a variables.</doc>
<status status="NOT RUN" start="2025-06-12T09:31:10.007862" elapsed="0.000000"/>
</kw>
<kw name="Wait Until Element Is Visible" owner="SeleniumLibrary">
<arg>${select_button_xpath}</arg>
<arg>timeout=5s</arg>
<doc>Waits until the element ``locator`` is visible.</doc>
<status status="NOT RUN" start="2025-06-12T09:31:10.007862" elapsed="0.000000"/>
</kw>
<kw name="Click Element" owner="SeleniumLibrary">
<arg>${select_button_xpath}</arg>
<doc>Click the element identified by ``locator``.</doc>
<status status="NOT RUN" start="2025-06-12T09:31:10.007862" elapsed="0.000000"/>
</kw>
<kw name="Sleep" owner="BuiltIn">
<arg>2s</arg>
<doc>Pauses the test executed for the given time.</doc>
<status status="NOT RUN" start="2025-06-12T09:31:10.007862" elapsed="0.000000"/>
</kw>
<kw name="Set Variable" owner="BuiltIn">
<var>${found}</var>
<arg>${TRUE}</arg>
<doc>Returns the given values which can then be assigned to a variables.</doc>
<status status="NOT RUN" start="2025-06-12T09:31:10.007862" elapsed="0.000000"/>
</kw>
<break>
<status status="NOT RUN" start="2025-06-12T09:31:10.007862" elapsed="0.000000"/>
</break>
<status status="NOT RUN" start="2025-06-12T09:31:10.007318" elapsed="0.000544"/>
</branch>
<status status="PASS" start="2025-06-12T09:31:10.007318" elapsed="0.001507"/>
</if>
<var name="${row_index}">2</var>
<status status="PASS" start="2025-06-12T09:31:09.983272" elapsed="0.025553"/>
</iter>
<iter>
<kw name="Set Variable" owner="BuiltIn">
<msg time="2025-06-12T09:31:10.008825" level="INFO">${cell_xpath} = xpath://table[@id='DataTables_Table_0']/tbody/tr[3]/td[2]</msg>
<var>${cell_xpath}</var>
<arg>xpath://table[@id='DataTables_Table_0']/tbody/tr[${row_index}]/td[${column_index}]</arg>
<doc>Returns the given values which can then be assigned to a variables.</doc>
<status status="PASS" start="2025-06-12T09:31:10.008825" elapsed="0.000000"/>
</kw>
<kw name="Wait Until Element Is Visible" owner="SeleniumLibrary">
<arg>${cell_xpath}</arg>
<arg>timeout=5s</arg>
<doc>Waits until the element ``locator`` is visible.</doc>
<status status="PASS" start="2025-06-12T09:31:10.008825" elapsed="0.011069"/>
</kw>
<kw name="Get Text" owner="SeleniumLibrary">
<msg time="2025-06-12T09:31:10.029900" level="INFO">${cell_text} = B002</msg>
<var>${cell_text}</var>
<arg>${cell_xpath}</arg>
<doc>Returns the text value of the element identified by ``locator``.</doc>
<status status="PASS" start="2025-06-12T09:31:10.019894" elapsed="0.010006"/>
</kw>
<kw name="Log" owner="BuiltIn">
<msg time="2025-06-12T09:31:10.029900" level="INFO">Row 3, BP Code: B002</msg>
<arg>Row ${row_index}, ${column_name}: ${cell_text}</arg>
<doc>Logs the given message with the given level.</doc>
<status status="PASS" start="2025-06-12T09:31:10.029900" elapsed="0.000000"/>
</kw>
<kw name="Convert To Lower Case" owner="String">
<msg time="2025-06-12T09:31:10.030896" level="INFO">${cell_text_lower} = b002</msg>
<var>${cell_text_lower}</var>
<arg>${cell_text}</arg>
<doc>Converts string to lower case.</doc>
<status status="PASS" start="2025-06-12T09:31:10.030896" elapsed="0.000000"/>
</kw>
<kw name="Convert To Lower Case" owner="String">
<msg time="2025-06-12T09:31:10.030896" level="INFO">${column_value_lower} = m-v1</msg>
<var>${column_value_lower}</var>
<arg>${column_value}</arg>
<doc>Converts string to lower case.</doc>
<status status="PASS" start="2025-06-12T09:31:10.030896" elapsed="0.000000"/>
</kw>
<kw name="Run Keyword And Return Status" owner="BuiltIn">
<kw name="Should Contain" owner="BuiltIn">
<msg time="2025-06-12T09:31:10.032137" level="FAIL">'b002' does not contain 'm-v1'</msg>
<arg>${cell_text_lower}</arg>
<arg>${column_value_lower}</arg>
<doc>Fails if ``container`` does not contain ``item`` one or more times.</doc>
<status status="FAIL" start="2025-06-12T09:31:10.031895" elapsed="0.000242">'b002' does not contain 'm-v1'</status>
</kw>
<msg time="2025-06-12T09:31:10.032137" level="INFO">${is_match} = False</msg>
<var>${is_match}</var>
<arg>Should Contain</arg>
<arg>${cell_text_lower}</arg>
<arg>${column_value_lower}</arg>
<doc>Runs the given keyword with given arguments and returns the status as a Boolean value.</doc>
<status status="PASS" start="2025-06-12T09:31:10.030896" elapsed="0.001241"/>
</kw>
<if>
<branch type="IF" condition="${is_match}">
<kw name="Log" owner="BuiltIn">
<arg>Found vendor with ${column_name} = ${column_value} at row ${row_index}</arg>
<doc>Logs the given message with the given level.</doc>
<status status="NOT RUN" start="2025-06-12T09:31:10.032637" elapsed="0.000000"/>
</kw>
<kw name="Set Variable" owner="BuiltIn">
<var>${select_button_xpath}</var>
<arg>xpath://table[@id='DataTables_Table_0']/tbody/tr[${row_index}]//button[contains(@class,'select_bp_detail')]</arg>
<doc>Returns the given values which can then be assigned to a variables.</doc>
<status status="NOT RUN" start="2025-06-12T09:31:10.032637" elapsed="0.000000"/>
</kw>
<kw name="Wait Until Element Is Visible" owner="SeleniumLibrary">
<arg>${select_button_xpath}</arg>
<arg>timeout=5s</arg>
<doc>Waits until the element ``locator`` is visible.</doc>
<status status="NOT RUN" start="2025-06-12T09:31:10.032637" elapsed="0.000000"/>
</kw>
<kw name="Click Element" owner="SeleniumLibrary">
<arg>${select_button_xpath}</arg>
<doc>Click the element identified by ``locator``.</doc>
<status status="NOT RUN" start="2025-06-12T09:31:10.032637" elapsed="0.000000"/>
</kw>
<kw name="Sleep" owner="BuiltIn">
<arg>2s</arg>
<doc>Pauses the test executed for the given time.</doc>
<status status="NOT RUN" start="2025-06-12T09:31:10.032637" elapsed="0.000000"/>
</kw>
<kw name="Set Variable" owner="BuiltIn">
<var>${found}</var>
<arg>${TRUE}</arg>
<doc>Returns the given values which can then be assigned to a variables.</doc>
<status status="NOT RUN" start="2025-06-12T09:31:10.033646" elapsed="0.000000"/>
</kw>
<break>
<status status="NOT RUN" start="2025-06-12T09:31:10.033646" elapsed="0.000000"/>
</break>
<status status="NOT RUN" start="2025-06-12T09:31:10.032137" elapsed="0.001509"/>
</branch>
<status status="PASS" start="2025-06-12T09:31:10.032137" elapsed="0.001509"/>
</if>
<var name="${row_index}">3</var>
<status status="PASS" start="2025-06-12T09:31:10.008825" elapsed="0.024821"/>
</iter>
<iter>
<kw name="Set Variable" owner="BuiltIn">
<msg time="2025-06-12T09:31:10.033646" level="INFO">${cell_xpath} = xpath://table[@id='DataTables_Table_0']/tbody/tr[4]/td[2]</msg>
<var>${cell_xpath}</var>
<arg>xpath://table[@id='DataTables_Table_0']/tbody/tr[${row_index}]/td[${column_index}]</arg>
<doc>Returns the given values which can then be assigned to a variables.</doc>
<status status="PASS" start="2025-06-12T09:31:10.033646" elapsed="0.001000"/>
</kw>
<kw name="Wait Until Element Is Visible" owner="SeleniumLibrary">
<arg>${cell_xpath}</arg>
<arg>timeout=5s</arg>
<doc>Waits until the element ``locator`` is visible.</doc>
<status status="PASS" start="2025-06-12T09:31:10.034646" elapsed="0.014956"/>
</kw>
<kw name="Get Text" owner="SeleniumLibrary">
<msg time="2025-06-12T09:31:10.060568" level="INFO">${cell_text} = BP01</msg>
<var>${cell_text}</var>
<arg>${cell_xpath}</arg>
<doc>Returns the text value of the element identified by ``locator``.</doc>
<status status="PASS" start="2025-06-12T09:31:10.049602" elapsed="0.010966"/>
</kw>
<kw name="Log" owner="BuiltIn">
<msg time="2025-06-12T09:31:10.061567" level="INFO">Row 4, BP Code: BP01</msg>
<arg>Row ${row_index}, ${column_name}: ${cell_text}</arg>
<doc>Logs the given message with the given level.</doc>
<status status="PASS" start="2025-06-12T09:31:10.060568" elapsed="0.000999"/>
</kw>
<kw name="Convert To Lower Case" owner="String">
<msg time="2025-06-12T09:31:10.061567" level="INFO">${cell_text_lower} = bp01</msg>
<var>${cell_text_lower}</var>
<arg>${cell_text}</arg>
<doc>Converts string to lower case.</doc>
<status status="PASS" start="2025-06-12T09:31:10.061567" elapsed="0.000000"/>
</kw>
<kw name="Convert To Lower Case" owner="String">
<msg time="2025-06-12T09:31:10.061567" level="INFO">${column_value_lower} = m-v1</msg>
<var>${column_value_lower}</var>
<arg>${column_value}</arg>
<doc>Converts string to lower case.</doc>
<status status="PASS" start="2025-06-12T09:31:10.061567" elapsed="0.000000"/>
</kw>
<kw name="Run Keyword And Return Status" owner="BuiltIn">
<kw name="Should Contain" owner="BuiltIn">
<msg time="2025-06-12T09:31:10.062568" level="FAIL">'bp01' does not contain 'm-v1'</msg>
<arg>${cell_text_lower}</arg>
<arg>${column_value_lower}</arg>
<doc>Fails if ``container`` does not contain ``item`` one or more times.</doc>
<status status="FAIL" start="2025-06-12T09:31:10.062568" elapsed="0.000000">'bp01' does not contain 'm-v1'</status>
</kw>
<msg time="2025-06-12T09:31:10.062568" level="INFO">${is_match} = False</msg>
<var>${is_match}</var>
<arg>Should Contain</arg>
<arg>${cell_text_lower}</arg>
<arg>${column_value_lower}</arg>
<doc>Runs the given keyword with given arguments and returns the status as a Boolean value.</doc>
<status status="PASS" start="2025-06-12T09:31:10.062568" elapsed="0.000000"/>
</kw>
<if>
<branch type="IF" condition="${is_match}">
<kw name="Log" owner="BuiltIn">
<arg>Found vendor with ${column_name} = ${column_value} at row ${row_index}</arg>
<doc>Logs the given message with the given level.</doc>
<status status="NOT RUN" start="2025-06-12T09:31:10.062568" elapsed="0.000000"/>
</kw>
<kw name="Set Variable" owner="BuiltIn">
<var>${select_button_xpath}</var>
<arg>xpath://table[@id='DataTables_Table_0']/tbody/tr[${row_index}]//button[contains(@class,'select_bp_detail')]</arg>
<doc>Returns the given values which can then be assigned to a variables.</doc>
<status status="NOT RUN" start="2025-06-12T09:31:10.063568" elapsed="0.000000"/>
</kw>
<kw name="Wait Until Element Is Visible" owner="SeleniumLibrary">
<arg>${select_button_xpath}</arg>
<arg>timeout=5s</arg>
<doc>Waits until the element ``locator`` is visible.</doc>
<status status="NOT RUN" start="2025-06-12T09:31:10.063568" elapsed="0.000000"/>
</kw>
<kw name="Click Element" owner="SeleniumLibrary">
<arg>${select_button_xpath}</arg>
<doc>Click the element identified by ``locator``.</doc>
<status status="NOT RUN" start="2025-06-12T09:31:10.063568" elapsed="0.000000"/>
</kw>
<kw name="Sleep" owner="BuiltIn">
<arg>2s</arg>
<doc>Pauses the test executed for the given time.</doc>
<status status="NOT RUN" start="2025-06-12T09:31:10.063568" elapsed="0.000000"/>
</kw>
<kw name="Set Variable" owner="BuiltIn">
<var>${found}</var>
<arg>${TRUE}</arg>
<doc>Returns the given values which can then be assigned to a variables.</doc>
<status status="NOT RUN" start="2025-06-12T09:31:10.063568" elapsed="0.000000"/>
</kw>
<break>
<status status="NOT RUN" start="2025-06-12T09:31:10.063568" elapsed="0.000000"/>
</break>
<status status="NOT RUN" start="2025-06-12T09:31:10.062568" elapsed="0.001000"/>
</branch>
<status status="PASS" start="2025-06-12T09:31:10.062568" elapsed="0.001000"/>
</if>
<var name="${row_index}">4</var>
<status status="PASS" start="2025-06-12T09:31:10.033646" elapsed="0.029922"/>
</iter>
<iter>
<kw name="Set Variable" owner="BuiltIn">
<msg time="2025-06-12T09:31:10.064568" level="INFO">${cell_xpath} = xpath://table[@id='DataTables_Table_0']/tbody/tr[5]/td[2]</msg>
<var>${cell_xpath}</var>
<arg>xpath://table[@id='DataTables_Table_0']/tbody/tr[${row_index}]/td[${column_index}]</arg>
<doc>Returns the given values which can then be assigned to a variables.</doc>
<status status="PASS" start="2025-06-12T09:31:10.064568" elapsed="0.000000"/>
</kw>
<kw name="Wait Until Element Is Visible" owner="SeleniumLibrary">
<arg>${cell_xpath}</arg>
<arg>timeout=5s</arg>
<doc>Waits until the element ``locator`` is visible.</doc>
<status status="PASS" start="2025-06-12T09:31:10.064568" elapsed="0.014999"/>
</kw>
<kw name="Get Text" owner="SeleniumLibrary">
<msg time="2025-06-12T09:31:10.095072" level="INFO">${cell_text} = BP01T</msg>
<var>${cell_text}</var>
<arg>${cell_xpath}</arg>
<doc>Returns the text value of the element identified by ``locator``.</doc>
<status status="PASS" start="2025-06-12T09:31:10.080650" elapsed="0.014422"/>
</kw>
<kw name="Log" owner="BuiltIn">
<msg time="2025-06-12T09:31:10.095072" level="INFO">Row 5, BP Code: BP01T</msg>
<arg>Row ${row_index}, ${column_name}: ${cell_text}</arg>
<doc>Logs the given message with the given level.</doc>
<status status="PASS" start="2025-06-12T09:31:10.095072" elapsed="0.000000"/>
</kw>
<kw name="Convert To Lower Case" owner="String">
<msg time="2025-06-12T09:31:10.096118" level="INFO">${cell_text_lower} = bp01t</msg>
<var>${cell_text_lower}</var>
<arg>${cell_text}</arg>
<doc>Converts string to lower case.</doc>
<status status="PASS" start="2025-06-12T09:31:10.096118" elapsed="0.000000"/>
</kw>
<kw name="Convert To Lower Case" owner="String">
<msg time="2025-06-12T09:31:10.097127" level="INFO">${column_value_lower} = m-v1</msg>
<var>${column_value_lower}</var>
<arg>${column_value}</arg>
<doc>Converts string to lower case.</doc>
<status status="PASS" start="2025-06-12T09:31:10.096118" elapsed="0.001009"/>
</kw>
<kw name="Run Keyword And Return Status" owner="BuiltIn">
<kw name="Should Contain" owner="BuiltIn">
<msg time="2025-06-12T09:31:10.098129" level="FAIL">'bp01t' does not contain 'm-v1'</msg>
<arg>${cell_text_lower}</arg>
<arg>${column_value_lower}</arg>
<doc>Fails if ``container`` does not contain ``item`` one or more times.</doc>
<status status="FAIL" start="2025-06-12T09:31:10.097127" elapsed="0.001002">'bp01t' does not contain 'm-v1'</status>
</kw>
<msg time="2025-06-12T09:31:10.098129" level="INFO">${is_match} = False</msg>
<var>${is_match}</var>
<arg>Should Contain</arg>
<arg>${cell_text_lower}</arg>
<arg>${column_value_lower}</arg>
<doc>Runs the given keyword with given arguments and returns the status as a Boolean value.</doc>
<status status="PASS" start="2025-06-12T09:31:10.097127" elapsed="0.001002"/>
</kw>
<if>
<branch type="IF" condition="${is_match}">
<kw name="Log" owner="BuiltIn">
<arg>Found vendor with ${column_name} = ${column_value} at row ${row_index}</arg>
<doc>Logs the given message with the given level.</doc>
<status status="NOT RUN" start="2025-06-12T09:31:10.098129" elapsed="0.001025"/>
</kw>
<kw name="Set Variable" owner="BuiltIn">
<var>${select_button_xpath}</var>
<arg>xpath://table[@id='DataTables_Table_0']/tbody/tr[${row_index}]//button[contains(@class,'select_bp_detail')]</arg>
<doc>Returns the given values which can then be assigned to a variables.</doc>
<status status="NOT RUN" start="2025-06-12T09:31:10.099154" elapsed="0.000000"/>
</kw>
<kw name="Wait Until Element Is Visible" owner="SeleniumLibrary">
<arg>${select_button_xpath}</arg>
<arg>timeout=5s</arg>
<doc>Waits until the element ``locator`` is visible.</doc>
<status status="NOT RUN" start="2025-06-12T09:31:10.099154" elapsed="0.000000"/>
</kw>
<kw name="Click Element" owner="SeleniumLibrary">
<arg>${select_button_xpath}</arg>
<doc>Click the element identified by ``locator``.</doc>
<status status="NOT RUN" start="2025-06-12T09:31:10.099154" elapsed="0.000988"/>
</kw>
<kw name="Sleep" owner="BuiltIn">
<arg>2s</arg>
<doc>Pauses the test executed for the given time.</doc>
<status status="NOT RUN" start="2025-06-12T09:31:10.100142" elapsed="0.000000"/>
</kw>
<kw name="Set Variable" owner="BuiltIn">
<var>${found}</var>
<arg>${TRUE}</arg>
<doc>Returns the given values which can then be assigned to a variables.</doc>
<status status="NOT RUN" start="2025-06-12T09:31:10.100142" elapsed="0.000000"/>
</kw>
<break>
<status status="NOT RUN" start="2025-06-12T09:31:10.100142" elapsed="0.000000"/>
</break>
<status status="NOT RUN" start="2025-06-12T09:31:10.098129" elapsed="0.002013"/>
</branch>
<status status="PASS" start="2025-06-12T09:31:10.098129" elapsed="0.002013"/>
</if>
<var name="${row_index}">5</var>
<status status="PASS" start="2025-06-12T09:31:10.064568" elapsed="0.036562"/>
</iter>
<iter>
<kw name="Set Variable" owner="BuiltIn">
<msg time="2025-06-12T09:31:10.102130" level="INFO">${cell_xpath} = xpath://table[@id='DataTables_Table_0']/tbody/tr[6]/td[2]</msg>
<var>${cell_xpath}</var>
<arg>xpath://table[@id='DataTables_Table_0']/tbody/tr[${row_index}]/td[${column_index}]</arg>
<doc>Returns the given values which can then be assigned to a variables.</doc>
<status status="PASS" start="2025-06-12T09:31:10.101130" elapsed="0.001000"/>
</kw>
<kw name="Wait Until Element Is Visible" owner="SeleniumLibrary">
<arg>${cell_xpath}</arg>
<arg>timeout=5s</arg>
<doc>Waits until the element ``locator`` is visible.</doc>
<status status="PASS" start="2025-06-12T09:31:10.102921" elapsed="0.023200"/>
</kw>
<kw name="Get Text" owner="SeleniumLibrary">
<msg time="2025-06-12T09:31:10.135894" level="INFO">${cell_text} = BP02T</msg>
<var>${cell_text}</var>
<arg>${cell_xpath}</arg>
<doc>Returns the text value of the element identified by ``locator``.</doc>
<status status="PASS" start="2025-06-12T09:31:10.126121" elapsed="0.009773"/>
</kw>
<kw name="Log" owner="BuiltIn">
<msg time="2025-06-12T09:31:10.136936" level="INFO">Row 6, BP Code: BP02T</msg>
<arg>Row ${row_index}, ${column_name}: ${cell_text}</arg>
<doc>Logs the given message with the given level.</doc>
<status status="PASS" start="2025-06-12T09:31:10.135894" elapsed="0.001042"/>
</kw>
<kw name="Convert To Lower Case" owner="String">
<msg time="2025-06-12T09:31:10.136936" level="INFO">${cell_text_lower} = bp02t</msg>
<var>${cell_text_lower}</var>
<arg>${cell_text}</arg>
<doc>Converts string to lower case.</doc>
<status status="PASS" start="2025-06-12T09:31:10.136936" elapsed="0.000000"/>
</kw>
<kw name="Convert To Lower Case" owner="String">
<msg time="2025-06-12T09:31:10.136936" level="INFO">${column_value_lower} = m-v1</msg>
<var>${column_value_lower}</var>
<arg>${column_value}</arg>
<doc>Converts string to lower case.</doc>
<status status="PASS" start="2025-06-12T09:31:10.136936" elapsed="0.000000"/>
</kw>
<kw name="Run Keyword And Return Status" owner="BuiltIn">
<kw name="Should Contain" owner="BuiltIn">
<msg time="2025-06-12T09:31:10.137931" level="FAIL">'bp02t' does not contain 'm-v1'</msg>
<arg>${cell_text_lower}</arg>
<arg>${column_value_lower}</arg>
<doc>Fails if ``container`` does not contain ``item`` one or more times.</doc>
<status status="FAIL" start="2025-06-12T09:31:10.137931" elapsed="0.000000">'bp02t' does not contain 'm-v1'</status>
</kw>
<msg time="2025-06-12T09:31:10.137931" level="INFO">${is_match} = False</msg>
<var>${is_match}</var>
<arg>Should Contain</arg>
<arg>${cell_text_lower}</arg>
<arg>${column_value_lower}</arg>
<doc>Runs the given keyword with given arguments and returns the status as a Boolean value.</doc>
<status status="PASS" start="2025-06-12T09:31:10.136936" elapsed="0.000995"/>
</kw>
<if>
<branch type="IF" condition="${is_match}">
<kw name="Log" owner="BuiltIn">
<arg>Found vendor with ${column_name} = ${column_value} at row ${row_index}</arg>
<doc>Logs the given message with the given level.</doc>
<status status="NOT RUN" start="2025-06-12T09:31:10.137931" elapsed="0.000000"/>
</kw>
<kw name="Set Variable" owner="BuiltIn">
<var>${select_button_xpath}</var>
<arg>xpath://table[@id='DataTables_Table_0']/tbody/tr[${row_index}]//button[contains(@class,'select_bp_detail')]</arg>
<doc>Returns the given values which can then be assigned to a variables.</doc>
<status status="NOT RUN" start="2025-06-12T09:31:10.137931" elapsed="0.000000"/>
</kw>
<kw name="Wait Until Element Is Visible" owner="SeleniumLibrary">
<arg>${select_button_xpath}</arg>
<arg>timeout=5s</arg>
<doc>Waits until the element ``locator`` is visible.</doc>
<status status="NOT RUN" start="2025-06-12T09:31:10.137931" elapsed="0.000000"/>
</kw>
<kw name="Click Element" owner="SeleniumLibrary">
<arg>${select_button_xpath}</arg>
<doc>Click the element identified by ``locator``.</doc>
<status status="NOT RUN" start="2025-06-12T09:31:10.138943" elapsed="0.000000"/>
</kw>
<kw name="Sleep" owner="BuiltIn">
<arg>2s</arg>
<doc>Pauses the test executed for the given time.</doc>
<status status="NOT RUN" start="2025-06-12T09:31:10.138943" elapsed="0.000000"/>
</kw>
<kw name="Set Variable" owner="BuiltIn">
<var>${found}</var>
<arg>${TRUE}</arg>
<doc>Returns the given values which can then be assigned to a variables.</doc>
<status status="NOT RUN" start="2025-06-12T09:31:10.138943" elapsed="0.000000"/>
</kw>
<break>
<status status="NOT RUN" start="2025-06-12T09:31:10.138943" elapsed="0.000000"/>
</break>
<status status="NOT RUN" start="2025-06-12T09:31:10.137931" elapsed="0.001012"/>
</branch>
<status status="PASS" start="2025-06-12T09:31:10.137931" elapsed="0.001012"/>
</if>
<var name="${row_index}">6</var>
<status status="PASS" start="2025-06-12T09:31:10.101130" elapsed="0.037813"/>
</iter>
<iter>
<kw name="Set Variable" owner="BuiltIn">
<msg time="2025-06-12T09:31:10.138943" level="INFO">${cell_xpath} = xpath://table[@id='DataTables_Table_0']/tbody/tr[7]/td[2]</msg>
<var>${cell_xpath}</var>
<arg>xpath://table[@id='DataTables_Table_0']/tbody/tr[${row_index}]/td[${column_index}]</arg>
<doc>Returns the given values which can then be assigned to a variables.</doc>
<status status="PASS" start="2025-06-12T09:31:10.138943" elapsed="0.000000"/>
</kw>
<kw name="Wait Until Element Is Visible" owner="SeleniumLibrary">
<arg>${cell_xpath}</arg>
<arg>timeout=5s</arg>
<doc>Waits until the element ``locator`` is visible.</doc>
<status status="PASS" start="2025-06-12T09:31:10.139948" elapsed="0.013591"/>
</kw>
<kw name="Get Text" owner="SeleniumLibrary">
<msg time="2025-06-12T09:31:10.162665" level="INFO">${cell_text} = BPC01</msg>
<var>${cell_text}</var>
<arg>${cell_xpath}</arg>
<doc>Returns the text value of the element identified by ``locator``.</doc>
<status status="PASS" start="2025-06-12T09:31:10.153539" elapsed="0.009126"/>
</kw>
<kw name="Log" owner="BuiltIn">
<msg time="2025-06-12T09:31:10.162665" level="INFO">Row 7, BP Code: BPC01</msg>
<arg>Row ${row_index}, ${column_name}: ${cell_text}</arg>
<doc>Logs the given message with the given level.</doc>
<status status="PASS" start="2025-06-12T09:31:10.162665" elapsed="0.000000"/>
</kw>
<kw name="Convert To Lower Case" owner="String">
<msg time="2025-06-12T09:31:10.163695" level="INFO">${cell_text_lower} = bpc01</msg>
<var>${cell_text_lower}</var>
<arg>${cell_text}</arg>
<doc>Converts string to lower case.</doc>
<status status="PASS" start="2025-06-12T09:31:10.163695" elapsed="0.000000"/>
</kw>
<kw name="Convert To Lower Case" owner="String">
<msg time="2025-06-12T09:31:10.163695" level="INFO">${column_value_lower} = m-v1</msg>
<var>${column_value_lower}</var>
<arg>${column_value}</arg>
<doc>Converts string to lower case.</doc>
<status status="PASS" start="2025-06-12T09:31:10.163695" elapsed="0.000000"/>
</kw>
<kw name="Run Keyword And Return Status" owner="BuiltIn">
<kw name="Should Contain" owner="BuiltIn">
<msg time="2025-06-12T09:31:10.164727" level="FAIL">'bpc01' does not contain 'm-v1'</msg>
<arg>${cell_text_lower}</arg>
<arg>${column_value_lower}</arg>
<doc>Fails if ``container`` does not contain ``item`` one or more times.</doc>
<status status="FAIL" start="2025-06-12T09:31:10.163695" elapsed="0.001032">'bpc01' does not contain 'm-v1'</status>
</kw>
<msg time="2025-06-12T09:31:10.164727" level="INFO">${is_match} = False</msg>
<var>${is_match}</var>
<arg>Should Contain</arg>
<arg>${cell_text_lower}</arg>
<arg>${column_value_lower}</arg>
<doc>Runs the given keyword with given arguments and returns the status as a Boolean value.</doc>
<status status="PASS" start="2025-06-12T09:31:10.163695" elapsed="0.001032"/>
</kw>
<if>
<branch type="IF" condition="${is_match}">
<kw name="Log" owner="BuiltIn">
<arg>Found vendor with ${column_name} = ${column_value} at row ${row_index}</arg>
<doc>Logs the given message with the given level.</doc>
<status status="NOT RUN" start="2025-06-12T09:31:10.164727" elapsed="0.000000"/>
</kw>
<kw name="Set Variable" owner="BuiltIn">
<var>${select_button_xpath}</var>
<arg>xpath://table[@id='DataTables_Table_0']/tbody/tr[${row_index}]//button[contains(@class,'select_bp_detail')]</arg>
<doc>Returns the given values which can then be assigned to a variables.</doc>
<status status="NOT RUN" start="2025-06-12T09:31:10.165704" elapsed="0.000000"/>
</kw>
<kw name="Wait Until Element Is Visible" owner="SeleniumLibrary">
<arg>${select_button_xpath}</arg>
<arg>timeout=5s</arg>
<doc>Waits until the element ``locator`` is visible.</doc>
<status status="NOT RUN" start="2025-06-12T09:31:10.165704" elapsed="0.000000"/>
</kw>
<kw name="Click Element" owner="SeleniumLibrary">
<arg>${select_button_xpath}</arg>
<doc>Click the element identified by ``locator``.</doc>
<status status="NOT RUN" start="2025-06-12T09:31:10.165704" elapsed="0.000000"/>
</kw>
<kw name="Sleep" owner="BuiltIn">
<arg>2s</arg>
<doc>Pauses the test executed for the given time.</doc>
<status status="NOT RUN" start="2025-06-12T09:31:10.165704" elapsed="0.000000"/>
</kw>
<kw name="Set Variable" owner="BuiltIn">
<var>${found}</var>
<arg>${TRUE}</arg>
<doc>Returns the given values which can then be assigned to a variables.</doc>
<status status="NOT RUN" start="2025-06-12T09:31:10.165704" elapsed="0.000000"/>
</kw>
<break>
<status status="NOT RUN" start="2025-06-12T09:31:10.165704" elapsed="0.000000"/>
</break>
<status status="NOT RUN" start="2025-06-12T09:31:10.164727" elapsed="0.000977"/>
</branch>
<status status="PASS" start="2025-06-12T09:31:10.164727" elapsed="0.001977"/>
</if>
<var name="${row_index}">7</var>
<status status="PASS" start="2025-06-12T09:31:10.138943" elapsed="0.027761"/>
</iter>
<iter>
<kw name="Set Variable" owner="BuiltIn">
<msg time="2025-06-12T09:31:10.167704" level="INFO">${cell_xpath} = xpath://table[@id='DataTables_Table_0']/tbody/tr[8]/td[2]</msg>
<var>${cell_xpath}</var>
<arg>xpath://table[@id='DataTables_Table_0']/tbody/tr[${row_index}]/td[${column_index}]</arg>
<doc>Returns the given values which can then be assigned to a variables.</doc>
<status status="PASS" start="2025-06-12T09:31:10.166704" elapsed="0.001000"/>
</kw>
<kw name="Wait Until Element Is Visible" owner="SeleniumLibrary">
<arg>${cell_xpath}</arg>
<arg>timeout=5s</arg>
<doc>Waits until the element ``locator`` is visible.</doc>
<status status="PASS" start="2025-06-12T09:31:10.167704" elapsed="0.013913"/>
</kw>
<kw name="Get Text" owner="SeleniumLibrary">
<msg time="2025-06-12T09:31:10.191702" level="INFO">${cell_text} = bp_bank_01</msg>
<var>${cell_text}</var>
<arg>${cell_xpath}</arg>
<doc>Returns the text value of the element identified by ``locator``.</doc>
<status status="PASS" start="2025-06-12T09:31:10.181617" elapsed="0.010085"/>
</kw>
<kw name="Log" owner="BuiltIn">
<msg time="2025-06-12T09:31:10.191702" level="INFO">Row 8, BP Code: bp_bank_01</msg>
<arg>Row ${row_index}, ${column_name}: ${cell_text}</arg>
<doc>Logs the given message with the given level.</doc>
<status status="PASS" start="2025-06-12T09:31:10.191702" elapsed="0.000000"/>
</kw>
<kw name="Convert To Lower Case" owner="String">
<msg time="2025-06-12T09:31:10.191702" level="INFO">${cell_text_lower} = bp_bank_01</msg>
<var>${cell_text_lower}</var>
<arg>${cell_text}</arg>
<doc>Converts string to lower case.</doc>
<status status="PASS" start="2025-06-12T09:31:10.191702" elapsed="0.000000"/>
</kw>
<kw name="Convert To Lower Case" owner="String">
<msg time="2025-06-12T09:31:10.192719" level="INFO">${column_value_lower} = m-v1</msg>
<var>${column_value_lower}</var>
<arg>${column_value}</arg>
<doc>Converts string to lower case.</doc>
<status status="PASS" start="2025-06-12T09:31:10.191702" elapsed="0.001017"/>
</kw>
<kw name="Run Keyword And Return Status" owner="BuiltIn">
<kw name="Should Contain" owner="BuiltIn">
<msg time="2025-06-12T09:31:10.192719" level="FAIL">'bp_bank_01' does not contain 'm-v1'</msg>
<arg>${cell_text_lower}</arg>
<arg>${column_value_lower}</arg>
<doc>Fails if ``container`` does not contain ``item`` one or more times.</doc>
<status status="FAIL" start="2025-06-12T09:31:10.192719" elapsed="0.000000">'bp_bank_01' does not contain 'm-v1'</status>
</kw>
<msg time="2025-06-12T09:31:10.192719" level="INFO">${is_match} = False</msg>
<var>${is_match}</var>
<arg>Should Contain</arg>
<arg>${cell_text_lower}</arg>
<arg>${column_value_lower}</arg>
<doc>Runs the given keyword with given arguments and returns the status as a Boolean value.</doc>
<status status="PASS" start="2025-06-12T09:31:10.192719" elapsed="0.000000"/>
</kw>
<if>
<branch type="IF" condition="${is_match}">
<kw name="Log" owner="BuiltIn">
<arg>Found vendor with ${column_name} = ${column_value} at row ${row_index}</arg>
<doc>Logs the given message with the given level.</doc>
<status status="NOT RUN" start="2025-06-12T09:31:10.193718" elapsed="0.000000"/>
</kw>
<kw name="Set Variable" owner="BuiltIn">
<var>${select_button_xpath}</var>
<arg>xpath://table[@id='DataTables_Table_0']/tbody/tr[${row_index}]//button[contains(@class,'select_bp_detail')]</arg>
<doc>Returns the given values which can then be assigned to a variables.</doc>
<status status="NOT RUN" start="2025-06-12T09:31:10.193718" elapsed="0.000000"/>
</kw>
<kw name="Wait Until Element Is Visible" owner="SeleniumLibrary">
<arg>${select_button_xpath}</arg>
<arg>timeout=5s</arg>
<doc>Waits until the element ``locator`` is visible.</doc>
<status status="NOT RUN" start="2025-06-12T09:31:10.193718" elapsed="0.000000"/>
</kw>
<kw name="Click Element" owner="SeleniumLibrary">
<arg>${select_button_xpath}</arg>
<doc>Click the element identified by ``locator``.</doc>
<status status="NOT RUN" start="2025-06-12T09:31:10.193718" elapsed="0.000000"/>
</kw>
<kw name="Sleep" owner="BuiltIn">
<arg>2s</arg>
<doc>Pauses the test executed for the given time.</doc>
<status status="NOT RUN" start="2025-06-12T09:31:10.193718" elapsed="0.000000"/>
</kw>
<kw name="Set Variable" owner="BuiltIn">
<var>${found}</var>
<arg>${TRUE}</arg>
<doc>Returns the given values which can then be assigned to a variables.</doc>
<status status="NOT RUN" start="2025-06-12T09:31:10.193718" elapsed="0.000000"/>
</kw>
<break>
<status status="NOT RUN" start="2025-06-12T09:31:10.193718" elapsed="0.000000"/>
</break>
<status status="NOT RUN" start="2025-06-12T09:31:10.193718" elapsed="0.000000"/>
</branch>
<status status="PASS" start="2025-06-12T09:31:10.193718" elapsed="0.000000"/>
</if>
<var name="${row_index}">8</var>
<status status="PASS" start="2025-06-12T09:31:10.166704" elapsed="0.028013"/>
</iter>
<iter>
<kw name="Set Variable" owner="BuiltIn">
<msg time="2025-06-12T09:31:10.194717" level="INFO">${cell_xpath} = xpath://table[@id='DataTables_Table_0']/tbody/tr[9]/td[2]</msg>
<var>${cell_xpath}</var>
<arg>xpath://table[@id='DataTables_Table_0']/tbody/tr[${row_index}]/td[${column_index}]</arg>
<doc>Returns the given values which can then be assigned to a variables.</doc>
<status status="PASS" start="2025-06-12T09:31:10.194717" elapsed="0.000000"/>
</kw>
<kw name="Wait Until Element Is Visible" owner="SeleniumLibrary">
<arg>${cell_xpath}</arg>
<arg>timeout=5s</arg>
<doc>Waits until the element ``locator`` is visible.</doc>
<status status="PASS" start="2025-06-12T09:31:10.194717" elapsed="0.011497"/>
</kw>
<kw name="Get Text" owner="SeleniumLibrary">
<msg time="2025-06-12T09:31:10.215976" level="INFO">${cell_text} = M-001</msg>
<var>${cell_text}</var>
<arg>${cell_xpath}</arg>
<doc>Returns the text value of the element identified by ``locator``.</doc>
<status status="PASS" start="2025-06-12T09:31:10.207201" elapsed="0.008775"/>
</kw>
<kw name="Log" owner="BuiltIn">
<msg time="2025-06-12T09:31:10.215976" level="INFO">Row 9, BP Code: M-001</msg>
<arg>Row ${row_index}, ${column_name}: ${cell_text}</arg>
<doc>Logs the given message with the given level.</doc>
<status status="PASS" start="2025-06-12T09:31:10.215976" elapsed="0.000000"/>
</kw>
<kw name="Convert To Lower Case" owner="String">
<msg time="2025-06-12T09:31:10.215976" level="INFO">${cell_text_lower} = m-001</msg>
<var>${cell_text_lower}</var>
<arg>${cell_text}</arg>
<doc>Converts string to lower case.</doc>
<status status="PASS" start="2025-06-12T09:31:10.215976" elapsed="0.001016"/>
</kw>
<kw name="Convert To Lower Case" owner="String">
<msg time="2025-06-12T09:31:10.216992" level="INFO">${column_value_lower} = m-v1</msg>
<var>${column_value_lower}</var>
<arg>${column_value}</arg>
<doc>Converts string to lower case.</doc>
<status status="PASS" start="2025-06-12T09:31:10.216992" elapsed="0.000000"/>
</kw>
<kw name="Run Keyword And Return Status" owner="BuiltIn">
<kw name="Should Contain" owner="BuiltIn">
<msg time="2025-06-12T09:31:10.216992" level="FAIL">'m-001' does not contain 'm-v1'</msg>
<arg>${cell_text_lower}</arg>
<arg>${column_value_lower}</arg>
<doc>Fails if ``container`` does not contain ``item`` one or more times.</doc>
<status status="FAIL" start="2025-06-12T09:31:10.216992" elapsed="0.000000">'m-001' does not contain 'm-v1'</status>
</kw>
<msg time="2025-06-12T09:31:10.217992" level="INFO">${is_match} = False</msg>
<var>${is_match}</var>
<arg>Should Contain</arg>
<arg>${cell_text_lower}</arg>
<arg>${column_value_lower}</arg>
<doc>Runs the given keyword with given arguments and returns the status as a Boolean value.</doc>
<status status="PASS" start="2025-06-12T09:31:10.216992" elapsed="0.001000"/>
</kw>
<if>
<branch type="IF" condition="${is_match}">
<kw name="Log" owner="BuiltIn">
<arg>Found vendor with ${column_name} = ${column_value} at row ${row_index}</arg>
<doc>Logs the given message with the given level.</doc>
<status status="NOT RUN" start="2025-06-12T09:31:10.217992" elapsed="0.000000"/>
</kw>
<kw name="Set Variable" owner="BuiltIn">
<var>${select_button_xpath}</var>
<arg>xpath://table[@id='DataTables_Table_0']/tbody/tr[${row_index}]//button[contains(@class,'select_bp_detail')]</arg>
<doc>Returns the given values which can then be assigned to a variables.</doc>
<status status="NOT RUN" start="2025-06-12T09:31:10.217992" elapsed="0.000000"/>
</kw>
<kw name="Wait Until Element Is Visible" owner="SeleniumLibrary">
<arg>${select_button_xpath}</arg>
<arg>timeout=5s</arg>
<doc>Waits until the element ``locator`` is visible.</doc>
<status status="NOT RUN" start="2025-06-12T09:31:10.217992" elapsed="0.000000"/>
</kw>
<kw name="Click Element" owner="SeleniumLibrary">
<arg>${select_button_xpath}</arg>
<doc>Click the element identified by ``locator``.</doc>
<status status="NOT RUN" start="2025-06-12T09:31:10.217992" elapsed="0.000000"/>
</kw>
<kw name="Sleep" owner="BuiltIn">
<arg>2s</arg>
<doc>Pauses the test executed for the given time.</doc>
<status status="NOT RUN" start="2025-06-12T09:31:10.217992" elapsed="0.000000"/>
</kw>
<kw name="Set Variable" owner="BuiltIn">
<var>${found}</var>
<arg>${TRUE}</arg>
<doc>Returns the given values which can then be assigned to a variables.</doc>
<status status="NOT RUN" start="2025-06-12T09:31:10.217992" elapsed="0.000000"/>
</kw>
<break>
<status status="NOT RUN" start="2025-06-12T09:31:10.217992" elapsed="0.001000"/>
</break>
<status status="NOT RUN" start="2025-06-12T09:31:10.217992" elapsed="0.001000"/>
</branch>
<status status="PASS" start="2025-06-12T09:31:10.217992" elapsed="0.001000"/>
</if>
<var name="${row_index}">9</var>
<status status="PASS" start="2025-06-12T09:31:10.194717" elapsed="0.024275"/>
</iter>
<iter>
<kw name="Set Variable" owner="BuiltIn">
<msg time="2025-06-12T09:31:10.218992" level="INFO">${cell_xpath} = xpath://table[@id='DataTables_Table_0']/tbody/tr[10]/td[2]</msg>
<var>${cell_xpath}</var>
<arg>xpath://table[@id='DataTables_Table_0']/tbody/tr[${row_index}]/td[${column_index}]</arg>
<doc>Returns the given values which can then be assigned to a variables.</doc>
<status status="PASS" start="2025-06-12T09:31:10.218992" elapsed="0.000000"/>
</kw>
<kw name="Wait Until Element Is Visible" owner="SeleniumLibrary">
<arg>${cell_xpath}</arg>
<arg>timeout=5s</arg>
<doc>Waits until the element ``locator`` is visible.</doc>
<status status="PASS" start="2025-06-12T09:31:10.218992" elapsed="0.010984"/>
</kw>
<kw name="Get Text" owner="SeleniumLibrary">
<msg time="2025-06-12T09:31:10.238933" level="INFO">${cell_text} = M-V1</msg>
<var>${cell_text}</var>
<arg>${cell_xpath}</arg>
<doc>Returns the text value of the element identified by ``locator``.</doc>
<status status="PASS" start="2025-06-12T09:31:10.229976" elapsed="0.008957"/>
</kw>
<kw name="Log" owner="BuiltIn">
<msg time="2025-06-12T09:31:10.239939" level="INFO">Row 10, BP Code: M-V1</msg>
<arg>Row ${row_index}, ${column_name}: ${cell_text}</arg>
<doc>Logs the given message with the given level.</doc>
<status status="PASS" start="2025-06-12T09:31:10.239939" elapsed="0.000000"/>
</kw>
<kw name="Convert To Lower Case" owner="String">
<msg time="2025-06-12T09:31:10.239939" level="INFO">${cell_text_lower} = m-v1</msg>
<var>${cell_text_lower}</var>
<arg>${cell_text}</arg>
<doc>Converts string to lower case.</doc>
<status status="PASS" start="2025-06-12T09:31:10.239939" elapsed="0.000000"/>
</kw>
<kw name="Convert To Lower Case" owner="String">
<msg time="2025-06-12T09:31:10.239939" level="INFO">${column_value_lower} = m-v1</msg>
<var>${column_value_lower}</var>
<arg>${column_value}</arg>
<doc>Converts string to lower case.</doc>
<status status="PASS" start="2025-06-12T09:31:10.239939" elapsed="0.000000"/>
</kw>
<kw name="Run Keyword And Return Status" owner="BuiltIn">
<kw name="Should Contain" owner="BuiltIn">
<arg>${cell_text_lower}</arg>
<arg>${column_value_lower}</arg>
<doc>Fails if ``container`` does not contain ``item`` one or more times.</doc>
<status status="PASS" start="2025-06-12T09:31:10.240956" elapsed="0.000000"/>
</kw>
<msg time="2025-06-12T09:31:10.241480" level="INFO">${is_match} = True</msg>
<var>${is_match}</var>
<arg>Should Contain</arg>
<arg>${cell_text_lower}</arg>
<arg>${column_value_lower}</arg>
<doc>Runs the given keyword with given arguments and returns the status as a Boolean value.</doc>
<status status="PASS" start="2025-06-12T09:31:10.239939" elapsed="0.001541"/>
</kw>
<if>
<branch type="IF" condition="${is_match}">
<kw name="Log" owner="BuiltIn">
<msg time="2025-06-12T09:31:10.241529" level="INFO">Found vendor with BP Code = M-V1 at row 10</msg>
<arg>Found vendor with ${column_name} = ${column_value} at row ${row_index}</arg>
<doc>Logs the given message with the given level.</doc>
<status status="PASS" start="2025-06-12T09:31:10.241529" elapsed="0.000000"/>
</kw>
<kw name="Set Variable" owner="BuiltIn">
<msg time="2025-06-12T09:31:10.241529" level="INFO">${select_button_xpath} = xpath://table[@id='DataTables_Table_0']/tbody/tr[10]//button[contains(@class,'select_bp_detail')]</msg>
<var>${select_button_xpath}</var>
<arg>xpath://table[@id='DataTables_Table_0']/tbody/tr[${row_index}]//button[contains(@class,'select_bp_detail')]</arg>
<doc>Returns the given values which can then be assigned to a variables.</doc>
<status status="PASS" start="2025-06-12T09:31:10.241529" elapsed="0.000000"/>
</kw>
<kw name="Wait Until Element Is Visible" owner="SeleniumLibrary">
<arg>${select_button_xpath}</arg>
<arg>timeout=5s</arg>
<doc>Waits until the element ``locator`` is visible.</doc>
<status status="PASS" start="2025-06-12T09:31:10.241529" elapsed="0.011152"/>
</kw>
<kw name="Click Element" owner="SeleniumLibrary">
<msg time="2025-06-12T09:31:10.253689" level="INFO">Clicking element 'xpath://table[@id='DataTables_Table_0']/tbody/tr[10]//button[contains(@class,'select_bp_detail')]'.</msg>
<arg>${select_button_xpath}</arg>
<doc>Click the element identified by ``locator``.</doc>
<status status="PASS" start="2025-06-12T09:31:10.253689" elapsed="0.076914"/>
</kw>
<kw name="Sleep" owner="BuiltIn">
<msg time="2025-06-12T09:31:12.332422" level="INFO">Slept 2 seconds.</msg>
<arg>2s</arg>
<doc>Pauses the test executed for the given time.</doc>
<status status="PASS" start="2025-06-12T09:31:10.330603" elapsed="2.001819"/>
</kw>
<kw name="Set Variable" owner="BuiltIn">
<msg time="2025-06-12T09:31:12.333314" level="INFO">${found} = True</msg>
<var>${found}</var>
<arg>${TRUE}</arg>
<doc>Returns the given values which can then be assigned to a variables.</doc>
<status status="PASS" start="2025-06-12T09:31:12.333314" elapsed="0.000000"/>
</kw>
<break>
<status status="PASS" start="2025-06-12T09:31:12.334312" elapsed="0.000000"/>
</break>
<status status="PASS" start="2025-06-12T09:31:10.241529" elapsed="2.092783"/>
</branch>
<status status="PASS" start="2025-06-12T09:31:10.241529" elapsed="2.092783"/>
</if>
<var name="${row_index}">10</var>
<status status="PASS" start="2025-06-12T09:31:10.218992" elapsed="2.115320"/>
</iter>
<var>${row_index}</var>
<value>1</value>
<value>${row_count}+1</value>
<status status="PASS" start="2025-06-12T09:31:09.950531" elapsed="2.383781"/>
</for>
<if>
<branch type="IF" condition="not ${found}">
<kw name="Run Keyword And Return Status" owner="BuiltIn">
<var>${next_page_exists}</var>
<arg>Element Should Be Visible</arg>
<arg>xpath://a[@id='DataTables_Table_0_next' and not(contains(@class,'disabled'))]</arg>
<doc>Runs the given keyword with given arguments and returns the status as a Boolean value.</doc>
<status status="NOT RUN" start="2025-06-12T09:31:12.335314" elapsed="0.000000"/>
</kw>
<if>
<branch type="IF" condition="${next_page_exists}">
<kw name="Click Element" owner="SeleniumLibrary">
<arg>xpath://a[@id='DataTables_Table_0_next']</arg>
<doc>Click the element identified by ``locator``.</doc>
<status status="NOT RUN" start="2025-06-12T09:31:12.336311" elapsed="0.000000"/>
</kw>
<kw name="Sleep" owner="BuiltIn">
<arg>2s</arg>
<doc>Pauses the test executed for the given time.</doc>
<status status="NOT RUN" start="2025-06-12T09:31:12.336311" elapsed="0.000000"/>
</kw>
<kw name="Evaluate" owner="BuiltIn">
<var>${current_page}</var>
<arg>${current_page} + 1</arg>
<doc>Evaluates the given expression in Python and returns the result.</doc>
<status status="NOT RUN" start="2025-06-12T09:31:12.336311" elapsed="0.000000"/>
</kw>
<status status="NOT RUN" start="2025-06-12T09:31:12.336311" elapsed="0.000000"/>
</branch>
<branch type="ELSE">
<kw name="Log" owner="BuiltIn">
<arg>No more pages available. Vendor not found.</arg>
<doc>Logs the given message with the given level.</doc>
<status status="NOT RUN" start="2025-06-12T09:31:12.336311" elapsed="0.000000"/>
</kw>
<break>
<status status="NOT RUN" start="2025-06-12T09:31:12.336311" elapsed="0.000990"/>
</break>
<status status="NOT RUN" start="2025-06-12T09:31:12.336311" elapsed="0.000990"/>
</branch>
<status status="NOT RUN" start="2025-06-12T09:31:12.336311" elapsed="0.000990"/>
</if>
<status status="NOT RUN" start="2025-06-12T09:31:12.335314" elapsed="0.001987"/>
</branch>
<status status="PASS" start="2025-06-12T09:31:12.335314" elapsed="0.001987"/>
</if>
<status status="PASS" start="2025-06-12T09:31:08.028462" elapsed="4.308839"/>
</iter>
<status status="PASS" start="2025-06-12T09:31:08.028462" elapsed="4.308839"/>
</while>
<kw name="Run Keyword If" owner="BuiltIn">
<arg>not ${found}</arg>
<arg>Fail</arg>
<arg>Vendor with ${column_name} = ${column_value} not found in the vendor table</arg>
<doc>Runs the given keyword with the given arguments, if ``condition`` is true.</doc>
<status status="PASS" start="2025-06-12T09:31:12.337301" elapsed="0.000000"/>
</kw>
<kw name="Run Keyword And Return Status" owner="BuiltIn">
<kw name="Element Should Be Visible" owner="SeleniumLibrary">
<msg time="2025-06-12T09:31:12.482099" level="INFO" html="true">&lt;/td&gt;&lt;/tr&gt;&lt;tr&gt;&lt;td colspan="3"&gt;&lt;a href="selenium-screenshot-2.png"&gt;&lt;img src="selenium-screenshot-2.png" width="800px"&gt;&lt;/a&gt;</msg>
<msg time="2025-06-12T09:31:12.482099" level="FAIL">Element with locator 'id=bp_add3' not found.</msg>
<arg>${ADDRESS_MODAL}</arg>
<doc>Verifies that the element identified by ``locator`` is visible.</doc>
<status status="FAIL" start="2025-06-12T09:31:12.338302" elapsed="0.250685">Element with locator 'id=bp_add3' not found.</status>
</kw>
<msg time="2025-06-12T09:31:12.590028" level="INFO">${address_modal_visible} = False</msg>
<var>${address_modal_visible}</var>
<arg>Element Should Be Visible</arg>
<arg>${ADDRESS_MODAL}</arg>
<doc>Runs the given keyword with given arguments and returns the status as a Boolean value.</doc>
<status status="PASS" start="2025-06-12T09:31:12.338302" elapsed="0.251726"/>
</kw>
<if>
<branch type="IF" condition="${address_modal_visible}">
<kw name="Log" owner="BuiltIn">
<arg>Address selection modal appeared, selecting first address</arg>
<doc>Logs the given message with the given level.</doc>
<status status="NOT RUN" start="2025-06-12T09:31:12.591222" elapsed="0.000119"/>
</kw>
<kw name="Select First Address" owner="pr_keywords">
<doc>Selects the first address from the address selection modal</doc>
<status status="NOT RUN" start="2025-06-12T09:31:12.591941" elapsed="0.000000"/>
</kw>
<status status="NOT RUN" start="2025-06-12T09:31:12.590028" elapsed="0.001913"/>
</branch>
<branch type="ELSE">
<kw name="Log" owner="BuiltIn">
<msg time="2025-06-12T09:31:12.593001" level="INFO">No address selection modal appeared</msg>
<arg>No address selection modal appeared</arg>
<doc>Logs the given message with the given level.</doc>
<status status="PASS" start="2025-06-12T09:31:12.591941" elapsed="0.001060"/>
</kw>
<status status="PASS" start="2025-06-12T09:31:12.591941" elapsed="0.001060"/>
</branch>
<status status="PASS" start="2025-06-12T09:31:12.590028" elapsed="0.002973"/>
</if>
<arg>BP Code</arg>
<arg>M-V1</arg>
<doc>Selects a vendor from the vendor selection modal by searching for a specific value in a specific column</doc>
<status status="PASS" start="2025-06-12T09:31:07.994417" elapsed="4.598584"/>
</kw>
<kw name="Select First Address" owner="pr_keywords">
<kw name="Log" owner="BuiltIn">
<msg time="2025-06-12T09:31:12.595031" level="INFO">Address selection modal is displayed</msg>
<arg>Address selection modal is displayed</arg>
<doc>Logs the given message with the given level.</doc>
<status status="PASS" start="2025-06-12T09:31:12.595031" elapsed="0.000000"/>
</kw>
<kw name="Wait Until Element Is Visible" owner="SeleniumLibrary">
<arg>xpath://table[@id='DataTables_Table_1']</arg>
<arg>timeout=10s</arg>
<doc>Waits until the element ``locator`` is visible.</doc>
<status status="PASS" start="2025-06-12T09:31:12.596048" elapsed="0.023416"/>
</kw>
<kw name="Wait Until Element Is Visible" owner="SeleniumLibrary">
<arg>${ADDRESS_SELECT_BUTTON}</arg>
<arg>timeout=5s</arg>
<doc>Waits until the element ``locator`` is visible.</doc>
<status status="PASS" start="2025-06-12T09:31:12.619464" elapsed="0.022421"/>
</kw>
<kw name="Get Text" owner="SeleniumLibrary">
<msg time="2025-06-12T09:31:12.666130" level="INFO">${address_text} = 10 test test 123456</msg>
<var>${address_text}</var>
<arg>xpath://table[@id='DataTables_Table_1']/tbody/tr[1]/td[2]</arg>
<doc>Returns the text value of the element identified by ``locator``.</doc>
<status status="PASS" start="2025-06-12T09:31:12.641885" elapsed="0.024245"/>
</kw>
<kw name="Log" owner="BuiltIn">
<msg time="2025-06-12T09:31:12.667100" level="INFO">Selecting address: 10 test test 123456</msg>
<arg>Selecting address: ${address_text}</arg>
<doc>Logs the given message with the given level.</doc>
<status status="PASS" start="2025-06-12T09:31:12.666130" elapsed="0.000970"/>
</kw>
<kw name="Click Element" owner="SeleniumLibrary">
<msg time="2025-06-12T09:31:12.668100" level="INFO">Clicking element 'id=select_add1'.</msg>
<arg>${ADDRESS_SELECT_BUTTON}</arg>
<doc>Click the element identified by ``locator``.</doc>
<status status="PASS" start="2025-06-12T09:31:12.667100" elapsed="0.048684"/>
</kw>
<kw name="Sleep" owner="BuiltIn">
<msg time="2025-06-12T09:31:14.719548" level="INFO">Slept 2 seconds.</msg>
<arg>2s</arg>
<doc>Pauses the test executed for the given time.</doc>
<status status="PASS" start="2025-06-12T09:31:12.716786" elapsed="2.002762"/>
</kw>
<kw name="Wait Until Element Is Not Visible" owner="SeleniumLibrary">
<arg>${ADDRESS_MODAL}</arg>
<arg>timeout=5s</arg>
<doc>Waits until the element ``locator`` is not visible.</doc>
<status status="PASS" start="2025-06-12T09:31:14.720641" elapsed="0.012916"/>
</kw>
<kw name="Get Element Attribute" owner="SeleniumLibrary">
<msg time="2025-06-12T09:31:14.752959" level="INFO">${actual_value} = 10 test test 123456</msg>
<var>${actual_value}</var>
<arg>${ADDRESS_INPUT}</arg>
<arg>value</arg>
<doc>Returns the value of ``attribute`` from the element ``locator``.</doc>
<status status="PASS" start="2025-06-12T09:31:14.733557" elapsed="0.019402"/>
</kw>
<kw name="Should Be Equal As Strings" owner="BuiltIn">
<arg>${actual_value}</arg>
<arg>${address_text}</arg>
<doc>Fails if objects are unequal after converting them to strings.</doc>
<status status="PASS" start="2025-06-12T09:31:14.752959" elapsed="0.000941"/>
</kw>
<doc>Selects the first address from the address selection modal</doc>
<status status="PASS" start="2025-06-12T09:31:12.594045" elapsed="2.159855"/>
</kw>
<kw name="Logout From Application" owner="common_keywords" type="TEARDOWN">
<kw name="Sleep" owner="BuiltIn">
<msg time="2025-06-12T09:31:19.761970" level="INFO">Slept 5 seconds.</msg>
<arg>5s</arg>
<doc>Pauses the test executed for the given time.</doc>
<status status="PASS" start="2025-06-12T09:31:14.754899" elapsed="5.007071"/>
</kw>
<kw name="Click Element" owner="SeleniumLibrary">
<msg time="2025-06-12T09:31:19.761970" level="INFO">Clicking element 'xpath=//li[@class='dropdown dropdown-user des_show']'.</msg>
<arg>${AVATAR_PROFILE}</arg>
<doc>Click the element identified by ``locator``.</doc>
<status status="PASS" start="2025-06-12T09:31:19.761970" elapsed="0.050331"/>
</kw>
<kw name="Click Element" owner="SeleniumLibrary">
<msg time="2025-06-12T09:31:19.812898" level="INFO">Clicking element 'xpath=//ul[@class='dropdown-menu dropdown-menu-right']//a[normalize-space()='Logout']'.</msg>
<arg>${LOGOUT_BUTTON}</arg>
<doc>Click the element identified by ``locator``.</doc>
<status status="PASS" start="2025-06-12T09:31:19.812301" elapsed="0.202962"/>
</kw>
<kw name="Wait Until Page Contains" owner="SeleniumLibrary">
<arg>Login</arg>
<doc>Waits until ``text`` appears on the current page.</doc>
<status status="PASS" start="2025-06-12T09:31:20.015982" elapsed="0.010885"/>
</kw>
<kw name="Page Should Contain" owner="SeleniumLibrary">
<msg time="2025-06-12T09:31:20.034101" level="INFO">Current page contains text 'Login'.</msg>
<arg>Login</arg>
<doc>Verifies that current page contains ``text``.</doc>
<status status="PASS" start="2025-06-12T09:31:20.026867" elapsed="0.007234"/>
</kw>
<kw name="Close All Browsers" owner="SeleniumLibrary">
<doc>Closes all open browsers and resets the browser cache.</doc>
<status status="PASS" start="2025-06-12T09:31:20.035129" elapsed="2.265598"/>
</kw>
<status status="PASS" start="2025-06-12T09:31:14.753900" elapsed="7.547951"/>
</kw>
<status status="PASS" start="2025-06-12T09:30:32.897684" elapsed="49.404439"/>
</test>
<doc>Test suite for PR functionality</doc>
<status status="PASS" start="2025-06-12T09:30:32.436281" elapsed="49.867659"/>
</suite>
<statistics>
<total>
<stat pass="1" fail="0" skip="0">All Tests</stat>
</total>
<tag>
</tag>
<suite>
<stat name="Pr Test" id="s1" pass="1" fail="0" skip="0">Pr Test</stat>
</suite>
</statistics>
<errors>
</errors>
</robot>
